<?xml version="1.0" encoding="UTF-8"?>
<testsuite name="com.mysiteforme.admin.MysiteformeApplicationTests" time="1.439" tests="1" errors="1" skipped="0" failures="0">
  <properties>
[...]
</properties>
  <testcase name="contextLoads" classname="com.mysiteforme.admin.MysiteformeApplicationTests" time="1.439">
    <error message="nested exception is org.apache.ibatis.exceptions.PersistenceException: &#10;### Error querying database.  Cause: com.baomidou.mybatisplus.exceptions.MybatisPlusException:  The SQL execution time is too large, please optimize ! &#10;### The error may exist in file [E:\githubProject\mysiteforme5\target\classes\mapper\MenuMapper.xml]&#10;### The error may involve com.mysiteforme.admin.dao.MenuDao.getMenus&#10;### The error occurred while handling results&#10;### SQL: select         id,         name,         parent_id as &quot;parentId&quot;,         parent_ids as &quot;parentIds&quot;,         level,         sort,         href,         target,         icon,         is_show as &quot;isShow&quot;,         bg_color as &quot;bgColor&quot;,         permission,         create_by as &quot;createId&quot;,         create_date as &quot;createDate&quot;,         update_by as &quot;updateId&quot;,         update_date as &quot;updateDate&quot;,         remarks,         del_flag as &quot;delFlag&quot;,         ? as &quot;myIsShow&quot; from sys_menu where         del_flag = false                           and parent_id = ?                                 order by sort desc&#10;### Cause: com.baomidou.mybatisplus.exceptions.MybatisPlusException:  The SQL execution time is too large, please optimize ! " type="org.mybatis.spring.MyBatisSystemException">org.mybatis.spring.MyBatisSystemException: nested exception is org.apache.ibatis.exceptions.PersistenceException: 
### Error querying database.  Cause: com.baomidou.mybatisplus.exceptions.MybatisPlusException:  The SQL execution time is too large, please optimize ! 
### The error may exist in file [E:\githubProject\mysiteforme5\target\classes\mapper\MenuMapper.xml]
### The error may involve com.mysiteforme.admin.dao.MenuDao.getMenus
### The error occurred while handling results
### SQL: select         id,         name,         parent_id as "parentId",         parent_ids as "parentIds",         level,         sort,         href,         target,         icon,         is_show as "isShow",         bg_color as "bgColor",         permission,         create_by as "createId",         create_date as "createDate",         update_by as "updateId",         update_date as "updateDate",         remarks,         del_flag as "delFlag",         ? as "myIsShow" from sys_menu where         del_flag = false                           and parent_id = ?                                 order by sort desc
### Cause: com.baomidou.mybatisplus.exceptions.MybatisPlusException:  The SQL execution time is too large, please optimize ! 
	at com.baomidou.mybatisplus.plugins.PerformanceInterceptor.intercept(PerformanceInterceptor.java:160)
	at org.apache.ibatis.plugin.Plugin.invoke(Plugin.java:61)
	at com.sun.proxy.$Proxy123.query(Unknown Source)
	at sun.reflect.NativeMethodAccessorImpl.invoke0(Native Method)
	at sun.reflect.NativeMethodAccessorImpl.invoke(NativeMethodAccessorImpl.java:62)
	at sun.reflect.DelegatingMethodAccessorImpl.invoke(DelegatingMethodAccessorImpl.java:43)
	at java.lang.reflect.Method.invoke(Method.java:498)
	at org.apache.ibatis.plugin.Plugin.invoke(Plugin.java:63)
	at com.sun.proxy.$Proxy123.query(Unknown Source)
	at org.apache.ibatis.executor.SimpleExecutor.doQuery(SimpleExecutor.java:63)
	at org.apache.ibatis.executor.BaseExecutor.queryFromDatabase(BaseExecutor.java:324)
	at org.apache.ibatis.executor.BaseExecutor.query(BaseExecutor.java:156)
	at org.apache.ibatis.executor.BaseExecutor.query(BaseExecutor.java:136)
	at org.apache.ibatis.session.defaults.DefaultSqlSession.selectList(DefaultSqlSession.java:148)
	at org.apache.ibatis.session.defaults.DefaultSqlSession.selectList(DefaultSqlSession.java:141)
	at sun.reflect.NativeMethodAccessorImpl.invoke0(Native Method)
	at sun.reflect.NativeMethodAccessorImpl.invoke(NativeMethodAccessorImpl.java:62)
	at sun.reflect.DelegatingMethodAccessorImpl.invoke(DelegatingMethodAccessorImpl.java:43)
	at java.lang.reflect.Method.invoke(Method.java:498)
	at org.mybatis.spring.SqlSessionTemplate$SqlSessionInterceptor.invoke(SqlSessionTemplate.java:433)
	at com.sun.proxy.$Proxy92.selectList(Unknown Source)
	at org.mybatis.spring.SqlSessionTemplate.selectList(SqlSessionTemplate.java:230)
	at org.apache.ibatis.binding.MapperMethod.executeForMany(MapperMethod.java:137)
	at org.apache.ibatis.binding.MapperMethod.execute(MapperMethod.java:75)
	at org.apache.ibatis.binding.MapperProxy.invoke(MapperProxy.java:59)
	at com.sun.proxy.$Proxy115.getMenus(Unknown Source)
	at com.mysiteforme.admin.MysiteformeApplicationTests.contextLoads(MysiteformeApplicationTests.java:27)
</error>
    <system-out><![CDATA[20:21:46.632 [main] DEBUG org.springframework.test.context.junit4.SpringJUnit4ClassRunner - SpringJUnit4ClassRunner constructor called with [class com.mysiteforme.admin.MysiteformeApplicationTests]
20:21:46.662 [main] DEBUG org.springframework.test.context.BootstrapUtils - Instantiating CacheAwareContextLoaderDelegate from class [org.springframework.test.context.cache.DefaultCacheAwareContextLoaderDelegate]
20:21:46.680 [main] DEBUG org.springframework.test.context.BootstrapUtils - Instantiating BootstrapContext using constructor [public org.springframework.test.context.support.DefaultBootstrapContext(java.lang.Class,org.springframework.test.context.CacheAwareContextLoaderDelegate)]
20:21:46.719 [main] DEBUG org.springframework.test.context.BootstrapUtils - Instantiating TestContextBootstrapper for test class [com.mysiteforme.admin.MysiteformeApplicationTests] from class [org.springframework.boot.test.context.SpringBootTestContextBootstrapper]
20:21:46.748 [main] INFO org.springframework.boot.test.context.SpringBootTestContextBootstrapper - Neither @ContextConfiguration nor @ContextHierarchy found for test class [com.mysiteforme.admin.MysiteformeApplicationTests], using SpringBootContextLoader
20:21:46.755 [main] DEBUG org.springframework.test.context.support.AbstractContextLoader - Did not detect default resource location for test class [com.mysiteforme.admin.MysiteformeApplicationTests]: class path resource [com/mysiteforme/admin/MysiteformeApplicationTests-context.xml] does not exist
20:21:46.757 [main] DEBUG org.springframework.test.context.support.AbstractContextLoader - Did not detect default resource location for test class [com.mysiteforme.admin.MysiteformeApplicationTests]: class path resource [com/mysiteforme/admin/MysiteformeApplicationTestsContext.groovy] does not exist
20:21:46.758 [main] INFO org.springframework.test.context.support.AbstractContextLoader - Could not detect default resource locations for test class [com.mysiteforme.admin.MysiteformeApplicationTests]: no resource found for suffixes {-context.xml, Context.groovy}.
20:21:46.759 [main] INFO org.springframework.test.context.support.AnnotationConfigContextLoaderUtils - Could not detect default configuration classes for test class [com.mysiteforme.admin.MysiteformeApplicationTests]: MysiteformeApplicationTests does not declare any static, non-private, non-final, nested classes annotated with @Configuration.
20:21:46.865 [main] DEBUG org.springframework.test.context.support.ActiveProfilesUtils - Could not find an 'annotation declaring class' for annotation type [org.springframework.test.context.ActiveProfiles] and class [com.mysiteforme.admin.MysiteformeApplicationTests]
20:21:46.902 [main] DEBUG org.springframework.core.env.StandardEnvironment - Adding PropertySource 'systemProperties' with lowest search precedence
20:21:46.913 [main] DEBUG org.springframework.core.env.StandardEnvironment - Adding PropertySource 'systemEnvironment' with lowest search precedence
20:21:46.915 [main] DEBUG org.springframework.core.env.StandardEnvironment - Initialized StandardEnvironment with PropertySources [MapPropertySource@249155636 {name='systemProperties', properties={idea.version=2018.3.2, java.runtime.name=Java(TM) SE Runtime Environment, sun.boot.library.path=C:\Program Files\Java\jdk1.8.0_181\jre\bin, java.vm.version=25.181-b13, java.vm.vendor=Oracle Corporation, java.vendor.url=http://java.oracle.com/, path.separator=;, java.vm.name=Java HotSpot(TM) 64-Bit Server VM, file.encoding.pkg=sun.io, user.country=CN, user.script=, sun.java.launcher=SUN_STANDARD, sun.os.patch.level=, java.vm.specification.name=Java Virtual Machine Specification, user.dir=E:\githubProject\mysiteforme5, java.runtime.version=1.8.0_181-b13, basedir=E:\githubProject\mysiteforme5, java.awt.graphicsenv=sun.awt.Win32GraphicsEnvironment, java.endorsed.dirs=C:\Program Files\Java\jdk1.8.0_181\jre\lib\endorsed, os.arch=amd64, surefire.real.class.path=E:\githubProject\mysiteforme5\target\surefire\surefirebooter6972953493265012701.jar, java.io.tmpdir=C:\Users\ADMINI~1\AppData\Local\Temp\, line.separator=
, java.vm.specification.vendor=Oracle Corporation, user.variant=, os.name=Windows 10, sun.jnu.encoding=GBK, java.library.path=C:\Program Files\Java\jdk1.8.0_181\jre\bin;C:\Windows\Sun\Java\bin;C:\Windows\system32;C:\Windows;C:\ProgramData\DockerDesktop\version-bin;C:\Program Files\Docker\Docker\Resources\bin;C:\Windows\system32;C:\Windows;C:\Windows\System32\Wbem;C:\Windows\System32\WindowsPowerShell\v1.0\;C:\Windows\System32\OpenSSH\;C:\Program Files (x86)\ATI Technologies\ATI.ACE\Core-Static;C:\Program Files\Java\jdk1.8.0_181\bin;C:\Program Files\Java\jdk1.8.0_181\jre\bin;C:\Program Files\Git\cmd;C:\Program Files\TortoiseGit\bin;C:\Program Files\erl10.0.1\bin;C:\Program Files\nodejs\;C:\Program Files\apache-maven-3.3.9\bin;C:\Program Files (x86)\Pandoc\;C:\Program Files\MySQL\MySQL Utilities 1.6\;C:\Program Files\TortoiseSVN\bin;C:\MinGW\bin;C:\Users\Administrator\.windows-build-tools\python27\;C:\Program Files\nodejs\node_modules\npm\node_modules\npm-lifecycle\node-gyp-bin;C:\Users\Administrator\AppData\Roaming\npm\node_modules\windows-build-tools\node_modules\.bin;C:\Users\Administrator\AppData\Roaming\npm\node_modules\.bin;C:\Program Files\Docker\Docker\Resources\bin;C:\Windows\system32;C:\Windows;C:\Windows\System32\Wbem;C:\Windows\System32\WindowsPowerShell\v1.0\;C:\Windows\System32\OpenSSH\;C:\Program Files (x86)\ATI Technologies\ATI.ACE\Core-Static;C:\Program Files\Java\jdk1.8.0_181\bin;C:\Program Files\Java\jdk1.8.0_181\jre\bin;C:\Program Files\Git\cmd;C:\Program Files\TortoiseGit\bin;C:\Program Files\erl10.0.1\bin;C:\Program Files\nodejs\;C:\Program Files\apache-maven-3.3.9\bin;C:\Program Files (x86)\Pandoc\;C:\Users\Administrator\AppData\Local\Microsoft\WindowsApps;C:\Users\Administrator\AppData\Roaming\npm;C:\Users\Administrator\AppData\Local\Programs\Microsoft VS Code\bin;C:\Program Files\JetBrains\IntelliJ IDEA 2018.3.2\bin;;C:\Program Files (x86)\Nmap;., surefire.test.class.path=E:\githubProject\mysiteforme5\target\test-classes;E:\githubProject\mysiteforme5\target\classes;C:\Users\Administrator\.m2\repository\org\springframework\boot\spring-boot-starter-data-redis\1.5.8.RELEASE\spring-boot-starter-data-redis-1.5.8.RELEASE.jar;C:\Users\Administrator\.m2\repository\org\springframework\boot\spring-boot-starter\1.5.8.RELEASE\spring-boot-starter-1.5.8.RELEASE.jar;C:\Users\Administrator\.m2\repository\org\springframework\boot\spring-boot\1.5.8.RELEASE\spring-boot-1.5.8.RELEASE.jar;C:\Users\Administrator\.m2\repository\org\springframework\boot\spring-boot-starter-logging\1.5.8.RELEASE\spring-boot-starter-logging-1.5.8.RELEASE.jar;C:\Users\Administrator\.m2\repository\ch\qos\logback\logback-classic\1.1.11\logback-classic-1.1.11.jar;C:\Users\Administrator\.m2\repository\ch\qos\logback\logback-core\1.1.11\logback-core-1.1.11.jar;C:\Users\Administrator\.m2\repository\org\slf4j\jul-to-slf4j\1.7.25\jul-to-slf4j-1.7.25.jar;C:\Users\Administrator\.m2\repository\org\slf4j\log4j-over-slf4j\1.7.25\log4j-over-slf4j-1.7.25.jar;C:\Users\Administrator\.m2\repository\org\yaml\snakeyaml\1.17\snakeyaml-1.17.jar;C:\Users\Administrator\.m2\repository\org\springframework\data\spring-data-redis\1.8.8.RELEASE\spring-data-redis-1.8.8.RELEASE.jar;C:\Users\Administrator\.m2\repository\org\springframework\data\spring-data-keyvalue\1.2.8.RELEASE\spring-data-keyvalue-1.2.8.RELEASE.jar;C:\Users\Administrator\.m2\repository\org\springframework\data\spring-data-commons\1.13.8.RELEASE\spring-data-commons-1.13.8.RELEASE.jar;C:\Users\Administrator\.m2\repository\org\springframework\spring-tx\4.3.12.RELEASE\spring-tx-4.3.12.RELEASE.jar;C:\Users\Administrator\.m2\repository\org\springframework\spring-oxm\4.3.12.RELEASE\spring-oxm-4.3.12.RELEASE.jar;C:\Users\Administrator\.m2\repository\org\slf4j\jcl-over-slf4j\1.7.25\jcl-over-slf4j-1.7.25.jar;C:\Users\Administrator\.m2\repository\redis\clients\jedis\2.9.0\jedis-2.9.0.jar;C:\Users\Administrator\.m2\repository\org\apache\commons\commons-pool2\2.4.2\commons-pool2-2.4.2.jar;C:\Users\Administrator\.m2\repository\org\mybatis\spring\boot\mybatis-spring-boot-starter\1.1.1\mybatis-spring-boot-starter-1.1.1.jar;C:\Users\Administrator\.m2\repository\org\mybatis\spring\boot\mybatis-spring-boot-autoconfigure\1.1.1\mybatis-spring-boot-autoconfigure-1.1.1.jar;C:\Users\Administrator\.m2\repository\org\springframework\boot\spring-boot-starter-web\1.5.8.RELEASE\spring-boot-starter-web-1.5.8.RELEASE.jar;C:\Users\Administrator\.m2\repository\org\springframework\boot\spring-boot-starter-tomcat\1.5.8.RELEASE\spring-boot-starter-tomcat-1.5.8.RELEASE.jar;C:\Users\Administrator\.m2\repository\org\apache\tomcat\embed\tomcat-embed-core\8.5.23\tomcat-embed-core-8.5.23.jar;C:\Users\Administrator\.m2\repository\org\apache\tomcat\tomcat-annotations-api\8.5.23\tomcat-annotations-api-8.5.23.jar;C:\Users\Administrator\.m2\repository\org\apache\tomcat\embed\tomcat-embed-el\8.5.23\tomcat-embed-el-8.5.23.jar;C:\Users\Administrator\.m2\repository\org\apache\tomcat\embed\tomcat-embed-websocket\8.5.23\tomcat-embed-websocket-8.5.23.jar;C:\Users\Administrator\.m2\repository\org\hibernate\hibernate-validator\5.3.5.Final\hibernate-validator-5.3.5.Final.jar;C:\Users\Administrator\.m2\repository\javax\validation\validation-api\1.1.0.Final\validation-api-1.1.0.Final.jar;C:\Users\Administrator\.m2\repository\org\jboss\logging\jboss-logging\3.3.1.Final\jboss-logging-3.3.1.Final.jar;C:\Users\Administrator\.m2\repository\com\fasterxml\classmate\1.3.4\classmate-1.3.4.jar;C:\Users\Administrator\.m2\repository\org\springframework\spring-web\4.3.12.RELEASE\spring-web-4.3.12.RELEASE.jar;C:\Users\Administrator\.m2\repository\org\springframework\spring-webmvc\4.3.12.RELEASE\spring-webmvc-4.3.12.RELEASE.jar;C:\Users\Administrator\.m2\repository\org\springframework\spring-expression\4.3.12.RELEASE\spring-expression-4.3.12.RELEASE.jar;C:\Users\Administrator\.m2\repository\org\springframework\boot\spring-boot-starter-aop\1.5.8.RELEASE\spring-boot-starter-aop-1.5.8.RELEASE.jar;C:\Users\Administrator\.m2\repository\org\springframework\spring-aop\4.3.12.RELEASE\spring-aop-4.3.12.RELEASE.jar;C:\Users\Administrator\.m2\repository\org\aspectj\aspectjweaver\1.8.11\aspectjweaver-1.8.11.jar;C:\Users\Administrator\.m2\repository\org\springframework\spring-context-support\4.3.12.RELEASE\spring-context-support-4.3.12.RELEASE.jar;C:\Users\Administrator\.m2\repository\org\springframework\spring-beans\4.3.12.RELEASE\spring-beans-4.3.12.RELEASE.jar;C:\Users\Administrator\.m2\repository\org\springframework\spring-context\4.3.12.RELEASE\spring-context-4.3.12.RELEASE.jar;C:\Users\Administrator\.m2\repository\org\springframework\spring-core\4.3.12.RELEASE\spring-core-4.3.12.RELEASE.jar;C:\Users\Administrator\.m2\repository\mysql\mysql-connector-java\5.1.44\mysql-connector-java-5.1.44.jar;C:\Users\Administrator\.m2\repository\org\springframework\boot\spring-boot-starter-test\1.5.8.RELEASE\spring-boot-starter-test-1.5.8.RELEASE.jar;C:\Users\Administrator\.m2\repository\org\springframework\boot\spring-boot-test\1.5.8.RELEASE\spring-boot-test-1.5.8.RELEASE.jar;C:\Users\Administrator\.m2\repository\org\springframework\boot\spring-boot-test-autoconfigure\1.5.8.RELEASE\spring-boot-test-autoconfigure-1.5.8.RELEASE.jar;C:\Users\Administrator\.m2\repository\com\jayway\jsonpath\json-path\2.2.0\json-path-2.2.0.jar;C:\Users\Administrator\.m2\repository\net\minidev\json-smart\2.2.1\json-smart-2.2.1.jar;C:\Users\Administrator\.m2\repository\net\minidev\accessors-smart\1.1\accessors-smart-1.1.jar;C:\Users\Administrator\.m2\repository\org\ow2\asm\asm\5.0.3\asm-5.0.3.jar;C:\Users\Administrator\.m2\repository\junit\junit\4.12\junit-4.12.jar;C:\Users\Administrator\.m2\repository\org\assertj\assertj-core\2.6.0\assertj-core-2.6.0.jar;C:\Users\Administrator\.m2\repository\org\mockito\mockito-core\1.10.19\mockito-core-1.10.19.jar;C:\Users\Administrator\.m2\repository\org\objenesis\objenesis\2.1\objenesis-2.1.jar;C:\Users\Administrator\.m2\repository\org\hamcrest\hamcrest-core\1.3\hamcrest-core-1.3.jar;C:\Users\Administrator\.m2\repository\org\hamcrest\hamcrest-library\1.3\hamcrest-library-1.3.jar;C:\Users\Administrator\.m2\repository\org\skyscreamer\jsonassert\1.4.0\jsonassert-1.4.0.jar;C:\Users\Administrator\.m2\repository\com\vaadin\external\google\android-json\0.0.20131108.vaadin1\android-json-0.0.20131108.vaadin1.jar;C:\Users\Administrator\.m2\repository\org\springframework\spring-test\4.3.12.RELEASE\spring-test-4.3.12.RELEASE.jar;C:\Users\Administrator\.m2\repository\org\springframework\boot\spring-boot-starter-freemarker\1.5.8.RELEASE\spring-boot-starter-freemarker-1.5.8.RELEASE.jar;C:\Users\Administrator\.m2\repository\org\freemarker\freemarker\2.3.26-incubating\freemarker-2.3.26-incubating.jar;C:\Users\Administrator\.m2\repository\org\springframework\boot\spring-boot-starter-cache\1.5.8.RELEASE\spring-boot-starter-cache-1.5.8.RELEASE.jar;C:\Users\Administrator\.m2\repository\org\apache\commons\commons-lang3\3.4\commons-lang3-3.4.jar;C:\Users\Administrator\.m2\repository\commons-codec\commons-codec\1.10\commons-codec-1.10.jar;C:\Users\Administrator\.m2\repository\commons-fileupload\commons-fileupload\1.3.1\commons-fileupload-1.3.1.jar;C:\Users\Administrator\.m2\repository\commons-io\commons-io\2.2\commons-io-2.2.jar;C:\Users\Administrator\.m2\repository\org\apache\velocity\velocity-engine-core\2.0\velocity-engine-core-2.0.jar;C:\Users\Administrator\.m2\repository\org\slf4j\slf4j-api\1.7.25\slf4j-api-1.7.25.jar;C:\Users\Administrator\.m2\repository\com\alibaba\fastjson\1.2.41\fastjson-1.2.41.jar;C:\Users\Administrator\.m2\repository\com\fasterxml\jackson\core\jackson-annotations\2.9.3\jackson-annotations-2.9.3.jar;C:\Users\Administrator\.m2\repository\com\fasterxml\jackson\core\jackson-core\2.9.3\jackson-core-2.9.3.jar;C:\Users\Administrator\.m2\repository\com\fasterxml\jackson\core\jackson-databind\2.9.3\jackson-databind-2.9.3.jar;C:\Users\Administrator\.m2\repository\com\alibaba\druid-spring-boot-starter\1.1.9\druid-spring-boot-starter-1.1.9.jar;C:\Users\Administrator\.m2\repository\com\alibaba\druid\1.1.9\druid-1.1.9.jar;C:\Users\Administrator\.m2\repository\org\springframework\boot\spring-boot-autoconfigure\1.5.8.RELEASE\spring-boot-autoconfigure-1.5.8.RELEASE.jar;C:\Users\Administrator\.m2\repository\com\baomidou\mybatisplus-spring-boot-starter\1.0.5\mybatisplus-spring-boot-starter-1.0.5.jar;C:\Users\Administrator\.m2\repository\org\springframework\boot\spring-boot-configuration-processor\1.5.8.RELEASE\spring-boot-configuration-processor-1.5.8.RELEASE.jar;C:\Users\Administrator\.m2\repository\org\springframework\boot\spring-boot-starter-jdbc\1.5.8.RELEASE\spring-boot-starter-jdbc-1.5.8.RELEASE.jar;C:\Users\Administrator\.m2\repository\org\apache\tomcat\tomcat-jdbc\8.5.23\tomcat-jdbc-8.5.23.jar;C:\Users\Administrator\.m2\repository\org\apache\tomcat\tomcat-juli\8.5.23\tomcat-juli-8.5.23.jar;C:\Users\Administrator\.m2\repository\org\springframework\spring-jdbc\4.3.12.RELEASE\spring-jdbc-4.3.12.RELEASE.jar;C:\Users\Administrator\.m2\repository\com\baomidou\mybatis-plus\2.1.4\mybatis-plus-2.1.4.jar;C:\Users\Administrator\.m2\repository\org\mybatis\mybatis-spring\1.3.1\mybatis-spring-1.3.1.jar;C:\Users\Administrator\.m2\repository\org\mybatis\mybatis\3.4.5\mybatis-3.4.5.jar;C:\Users\Administrator\.m2\repository\com\github\jsqlparser\jsqlparser\1.1\jsqlparser-1.1.jar;C:\Users\Administrator\.m2\repository\org\quartz-scheduler\quartz\2.3.0\quartz-2.3.0.jar;C:\Users\Administrator\.m2\repository\com\mchange\mchange-commons-java\0.2.11\mchange-commons-java-0.2.11.jar;C:\Users\Administrator\.m2\repository\com\zaxxer\HikariCP-java6\2.3.13\HikariCP-java6-2.3.13.jar;C:\Users\Administrator\.m2\repository\com\google\guava\guava\17.0\guava-17.0.jar;C:\Users\Administrator\.m2\repository\org\apache\shiro\shiro-web\1.3.2\shiro-web-1.3.2.jar;C:\Users\Administrator\.m2\repository\org\apache\shiro\shiro-cas\1.3.2\shiro-cas-1.3.2.jar;C:\Users\Administrator\.m2\repository\org\jasig\cas\client\cas-client-core\3.2.2\cas-client-core-3.2.2.jar;C:\Users\Administrator\.m2\repository\commons-logging\commons-logging\1.1\commons-logging-1.1.jar;C:\Users\Administrator\.m2\repository\javax\servlet\servlet-api\2.3\servlet-api-2.3.jar;C:\Users\Administrator\.m2\repository\org\apache\shiro\shiro-core\1.3.2\shiro-core-1.3.2.jar;C:\Users\Administrator\.m2\repository\commons-beanutils\commons-beanutils\1.9.3\commons-beanutils-1.9.3.jar;C:\Users\Administrator\.m2\repository\commons-collections\commons-collections\3.2.2\commons-collections-3.2.2.jar;C:\Users\Administrator\.m2\repository\org\apache\shiro\shiro-spring\1.3.2\shiro-spring-1.3.2.jar;C:\Users\Administrator\.m2\repository\org\crazycake\shiro-redis\2.4.2.1-RELEASE\shiro-redis-2.4.2.1-RELEASE.jar;C:\Users\Administrator\.m2\repository\com\qiniu\qiniu-java-sdk\7.2.18\qiniu-java-sdk-7.2.18.jar;C:\Users\Administrator\.m2\repository\com\squareup\okhttp3\okhttp\3.11.0\okhttp-3.11.0.jar;C:\Users\Administrator\.m2\repository\com\squareup\okio\okio\1.14.0\okio-1.14.0.jar;C:\Users\Administrator\.m2\repository\com\google\code\gson\gson\2.8.2\gson-2.8.2.jar;C:\Users\Administrator\.m2\repository\com\aliyun\oss\aliyun-sdk-oss\2.8.2\aliyun-sdk-oss-2.8.2.jar;C:\Users\Administrator\.m2\repository\org\apache\httpcomponents\httpclient\4.5.3\httpclient-4.5.3.jar;C:\Users\Administrator\.m2\repository\org\apache\httpcomponents\httpcore\4.4.8\httpcore-4.4.8.jar;C:\Users\Administrator\.m2\repository\org\jdom\jdom\1.1\jdom-1.1.jar;C:\Users\Administrator\.m2\repository\net\sf\json-lib\json-lib\2.4\json-lib-2.4-jdk15.jar;C:\Users\Administrator\.m2\repository\commons-lang\commons-lang\2.5\commons-lang-2.5.jar;C:\Users\Administrator\.m2\repository\net\sf\ezmorph\ezmorph\1.0.6\ezmorph-1.0.6.jar;C:\Users\Administrator\.m2\repository\org\jsoup\jsoup\1.11.2\jsoup-1.11.2.jar;C:\Users\Administrator\.m2\repository\com\xiaoleilu\hutool-all\3.3.0\hutool-all-3.3.0.jar;C:\Users\Administrator\.m2\repository\org\apache\lucene\lucene-queryparser\7.1.0\lucene-queryparser-7.1.0.jar;C:\Users\Administrator\.m2\repository\org\apache\lucene\lucene-core\7.1.0\lucene-core-7.1.0.jar;C:\Users\Administrator\.m2\repository\org\apache\lucene\lucene-queries\7.1.0\lucene-queries-7.1.0.jar;C:\Users\Administrator\.m2\repository\org\apache\lucene\lucene-sandbox\7.1.0\lucene-sandbox-7.1.0.jar;C:\Users\Administrator\.m2\repository\org\apache\lucene\lucene-highlighter\7.1.0\lucene-highlighter-7.1.0.jar;C:\Users\Administrator\.m2\repository\org\apache\lucene\lucene-analyzers-common\7.1.0\lucene-analyzers-common-7.1.0.jar;C:\Users\Administrator\.m2\repository\org\apache\lucene\lucene-join\7.1.0\lucene-join-7.1.0.jar;C:\Users\Administrator\.m2\repository\org\apache\lucene\lucene-memory\7.1.0\lucene-memory-7.1.0.jar;C:\Users\Administrator\.m2\repository\org\apache\lucene\lucene-analyzers-smartcn\7.1.0\lucene-analyzers-smartcn-7.1.0.jar;C:\Users\Administrator\.m2\repository\cn\bestwu\ik-analyzers\5.1.0\ik-analyzers-5.1.0.jar;C:\Users\Administrator\.m2\repository\com\chenlb\mmseg4j\mmseg4j-solr\2.4.0\mmseg4j-solr-2.4.0.jar;C:\Users\Administrator\.m2\repository\com\chenlb\mmseg4j\mmseg4j-core\1.10.0\mmseg4j-core-1.10.0.jar;, java.specification.name=Java Platform API Specification, java.class.version=52.0, sun.management.compiler=HotSpot 64-Bit Tiered Compilers, os.version=10.0, user.home=C:\Users\Administrator, user.timezone=Asia/Shanghai, java.awt.printerjob=sun.awt.windows.WPrinterJob, file.encoding=GBK, java.specification.version=1.8, java.class.path=E:\githubProject\mysiteforme5\target\test-classes;E:\githubProject\mysiteforme5\target\classes;C:\Users\Administrator\.m2\repository\org\springframework\boot\spring-boot-starter-data-redis\1.5.8.RELEASE\spring-boot-starter-data-redis-1.5.8.RELEASE.jar;C:\Users\Administrator\.m2\repository\org\springframework\boot\spring-boot-starter\1.5.8.RELEASE\spring-boot-starter-1.5.8.RELEASE.jar;C:\Users\Administrator\.m2\repository\org\springframework\boot\spring-boot\1.5.8.RELEASE\spring-boot-1.5.8.RELEASE.jar;C:\Users\Administrator\.m2\repository\org\springframework\boot\spring-boot-starter-logging\1.5.8.RELEASE\spring-boot-starter-logging-1.5.8.RELEASE.jar;C:\Users\Administrator\.m2\repository\ch\qos\logback\logback-classic\1.1.11\logback-classic-1.1.11.jar;C:\Users\Administrator\.m2\repository\ch\qos\logback\logback-core\1.1.11\logback-core-1.1.11.jar;C:\Users\Administrator\.m2\repository\org\slf4j\jul-to-slf4j\1.7.25\jul-to-slf4j-1.7.25.jar;C:\Users\Administrator\.m2\repository\org\slf4j\log4j-over-slf4j\1.7.25\log4j-over-slf4j-1.7.25.jar;C:\Users\Administrator\.m2\repository\org\yaml\snakeyaml\1.17\snakeyaml-1.17.jar;C:\Users\Administrator\.m2\repository\org\springframework\data\spring-data-redis\1.8.8.RELEASE\spring-data-redis-1.8.8.RELEASE.jar;C:\Users\Administrator\.m2\repository\org\springframework\data\spring-data-keyvalue\1.2.8.RELEASE\spring-data-keyvalue-1.2.8.RELEASE.jar;C:\Users\Administrator\.m2\repository\org\springframework\data\spring-data-commons\1.13.8.RELEASE\spring-data-commons-1.13.8.RELEASE.jar;C:\Users\Administrator\.m2\repository\org\springframework\spring-tx\4.3.12.RELEASE\spring-tx-4.3.12.RELEASE.jar;C:\Users\Administrator\.m2\repository\org\springframework\spring-oxm\4.3.12.RELEASE\spring-oxm-4.3.12.RELEASE.jar;C:\Users\Administrator\.m2\repository\org\slf4j\jcl-over-slf4j\1.7.25\jcl-over-slf4j-1.7.25.jar;C:\Users\Administrator\.m2\repository\redis\clients\jedis\2.9.0\jedis-2.9.0.jar;C:\Users\Administrator\.m2\repository\org\apache\commons\commons-pool2\2.4.2\commons-pool2-2.4.2.jar;C:\Users\Administrator\.m2\repository\org\mybatis\spring\boot\mybatis-spring-boot-starter\1.1.1\mybatis-spring-boot-starter-1.1.1.jar;C:\Users\Administrator\.m2\repository\org\mybatis\spring\boot\mybatis-spring-boot-autoconfigure\1.1.1\mybatis-spring-boot-autoconfigure-1.1.1.jar;C:\Users\Administrator\.m2\repository\org\springframework\boot\spring-boot-starter-web\1.5.8.RELEASE\spring-boot-starter-web-1.5.8.RELEASE.jar;C:\Users\Administrator\.m2\repository\org\springframework\boot\spring-boot-starter-tomcat\1.5.8.RELEASE\spring-boot-starter-tomcat-1.5.8.RELEASE.jar;C:\Users\Administrator\.m2\repository\org\apache\tomcat\embed\tomcat-embed-core\8.5.23\tomcat-embed-core-8.5.23.jar;C:\Users\Administrator\.m2\repository\org\apache\tomcat\tomcat-annotations-api\8.5.23\tomcat-annotations-api-8.5.23.jar;C:\Users\Administrator\.m2\repository\org\apache\tomcat\embed\tomcat-embed-el\8.5.23\tomcat-embed-el-8.5.23.jar;C:\Users\Administrator\.m2\repository\org\apache\tomcat\embed\tomcat-embed-websocket\8.5.23\tomcat-embed-websocket-8.5.23.jar;C:\Users\Administrator\.m2\repository\org\hibernate\hibernate-validator\5.3.5.Final\hibernate-validator-5.3.5.Final.jar;C:\Users\Administrator\.m2\repository\javax\validation\validation-api\1.1.0.Final\validation-api-1.1.0.Final.jar;C:\Users\Administrator\.m2\repository\org\jboss\logging\jboss-logging\3.3.1.Final\jboss-logging-3.3.1.Final.jar;C:\Users\Administrator\.m2\repository\com\fasterxml\classmate\1.3.4\classmate-1.3.4.jar;C:\Users\Administrator\.m2\repository\org\springframework\spring-web\4.3.12.RELEASE\spring-web-4.3.12.RELEASE.jar;C:\Users\Administrator\.m2\repository\org\springframework\spring-webmvc\4.3.12.RELEASE\spring-webmvc-4.3.12.RELEASE.jar;C:\Users\Administrator\.m2\repository\org\springframework\spring-expression\4.3.12.RELEASE\spring-expression-4.3.12.RELEASE.jar;C:\Users\Administrator\.m2\repository\org\springframework\boot\spring-boot-starter-aop\1.5.8.RELEASE\spring-boot-starter-aop-1.5.8.RELEASE.jar;C:\Users\Administrator\.m2\repository\org\springframework\spring-aop\4.3.12.RELEASE\spring-aop-4.3.12.RELEASE.jar;C:\Users\Administrator\.m2\repository\org\aspectj\aspectjweaver\1.8.11\aspectjweaver-1.8.11.jar;C:\Users\Administrator\.m2\repository\org\springframework\spring-context-support\4.3.12.RELEASE\spring-context-support-4.3.12.RELEASE.jar;C:\Users\Administrator\.m2\repository\org\springframework\spring-beans\4.3.12.RELEASE\spring-beans-4.3.12.RELEASE.jar;C:\Users\Administrator\.m2\repository\org\springframework\spring-context\4.3.12.RELEASE\spring-context-4.3.12.RELEASE.jar;C:\Users\Administrator\.m2\repository\org\springframework\spring-core\4.3.12.RELEASE\spring-core-4.3.12.RELEASE.jar;C:\Users\Administrator\.m2\repository\mysql\mysql-connector-java\5.1.44\mysql-connector-java-5.1.44.jar;C:\Users\Administrator\.m2\repository\org\springframework\boot\spring-boot-starter-test\1.5.8.RELEASE\spring-boot-starter-test-1.5.8.RELEASE.jar;C:\Users\Administrator\.m2\repository\org\springframework\boot\spring-boot-test\1.5.8.RELEASE\spring-boot-test-1.5.8.RELEASE.jar;C:\Users\Administrator\.m2\repository\org\springframework\boot\spring-boot-test-autoconfigure\1.5.8.RELEASE\spring-boot-test-autoconfigure-1.5.8.RELEASE.jar;C:\Users\Administrator\.m2\repository\com\jayway\jsonpath\json-path\2.2.0\json-path-2.2.0.jar;C:\Users\Administrator\.m2\repository\net\minidev\json-smart\2.2.1\json-smart-2.2.1.jar;C:\Users\Administrator\.m2\repository\net\minidev\accessors-smart\1.1\accessors-smart-1.1.jar;C:\Users\Administrator\.m2\repository\org\ow2\asm\asm\5.0.3\asm-5.0.3.jar;C:\Users\Administrator\.m2\repository\junit\junit\4.12\junit-4.12.jar;C:\Users\Administrator\.m2\repository\org\assertj\assertj-core\2.6.0\assertj-core-2.6.0.jar;C:\Users\Administrator\.m2\repository\org\mockito\mockito-core\1.10.19\mockito-core-1.10.19.jar;C:\Users\Administrator\.m2\repository\org\objenesis\objenesis\2.1\objenesis-2.1.jar;C:\Users\Administrator\.m2\repository\org\hamcrest\hamcrest-core\1.3\hamcrest-core-1.3.jar;C:\Users\Administrator\.m2\repository\org\hamcrest\hamcrest-library\1.3\hamcrest-library-1.3.jar;C:\Users\Administrator\.m2\repository\org\skyscreamer\jsonassert\1.4.0\jsonassert-1.4.0.jar;C:\Users\Administrator\.m2\repository\com\vaadin\external\google\android-json\0.0.20131108.vaadin1\android-json-0.0.20131108.vaadin1.jar;C:\Users\Administrator\.m2\repository\org\springframework\spring-test\4.3.12.RELEASE\spring-test-4.3.12.RELEASE.jar;C:\Users\Administrator\.m2\repository\org\springframework\boot\spring-boot-starter-freemarker\1.5.8.RELEASE\spring-boot-starter-freemarker-1.5.8.RELEASE.jar;C:\Users\Administrator\.m2\repository\org\freemarker\freemarker\2.3.26-incubating\freemarker-2.3.26-incubating.jar;C:\Users\Administrator\.m2\repository\org\springframework\boot\spring-boot-starter-cache\1.5.8.RELEASE\spring-boot-starter-cache-1.5.8.RELEASE.jar;C:\Users\Administrator\.m2\repository\org\apache\commons\commons-lang3\3.4\commons-lang3-3.4.jar;C:\Users\Administrator\.m2\repository\commons-codec\commons-codec\1.10\commons-codec-1.10.jar;C:\Users\Administrator\.m2\repository\commons-fileupload\commons-fileupload\1.3.1\commons-fileupload-1.3.1.jar;C:\Users\Administrator\.m2\repository\commons-io\commons-io\2.2\commons-io-2.2.jar;C:\Users\Administrator\.m2\repository\org\apache\velocity\velocity-engine-core\2.0\velocity-engine-core-2.0.jar;C:\Users\Administrator\.m2\repository\org\slf4j\slf4j-api\1.7.25\slf4j-api-1.7.25.jar;C:\Users\Administrator\.m2\repository\com\alibaba\fastjson\1.2.41\fastjson-1.2.41.jar;C:\Users\Administrator\.m2\repository\com\fasterxml\jackson\core\jackson-annotations\2.9.3\jackson-annotations-2.9.3.jar;C:\Users\Administrator\.m2\repository\com\fasterxml\jackson\core\jackson-core\2.9.3\jackson-core-2.9.3.jar;C:\Users\Administrator\.m2\repository\com\fasterxml\jackson\core\jackson-databind\2.9.3\jackson-databind-2.9.3.jar;C:\Users\Administrator\.m2\repository\com\alibaba\druid-spring-boot-starter\1.1.9\druid-spring-boot-starter-1.1.9.jar;C:\Users\Administrator\.m2\repository\com\alibaba\druid\1.1.9\druid-1.1.9.jar;C:\Users\Administrator\.m2\repository\org\springframework\boot\spring-boot-autoconfigure\1.5.8.RELEASE\spring-boot-autoconfigure-1.5.8.RELEASE.jar;C:\Users\Administrator\.m2\repository\com\baomidou\mybatisplus-spring-boot-starter\1.0.5\mybatisplus-spring-boot-starter-1.0.5.jar;C:\Users\Administrator\.m2\repository\org\springframework\boot\spring-boot-configuration-processor\1.5.8.RELEASE\spring-boot-configuration-processor-1.5.8.RELEASE.jar;C:\Users\Administrator\.m2\repository\org\springframework\boot\spring-boot-starter-jdbc\1.5.8.RELEASE\spring-boot-starter-jdbc-1.5.8.RELEASE.jar;C:\Users\Administrator\.m2\repository\org\apache\tomcat\tomcat-jdbc\8.5.23\tomcat-jdbc-8.5.23.jar;C:\Users\Administrator\.m2\repository\org\apache\tomcat\tomcat-juli\8.5.23\tomcat-juli-8.5.23.jar;C:\Users\Administrator\.m2\repository\org\springframework\spring-jdbc\4.3.12.RELEASE\spring-jdbc-4.3.12.RELEASE.jar;C:\Users\Administrator\.m2\repository\com\baomidou\mybatis-plus\2.1.4\mybatis-plus-2.1.4.jar;C:\Users\Administrator\.m2\repository\org\mybatis\mybatis-spring\1.3.1\mybatis-spring-1.3.1.jar;C:\Users\Administrator\.m2\repository\org\mybatis\mybatis\3.4.5\mybatis-3.4.5.jar;C:\Users\Administrator\.m2\repository\com\github\jsqlparser\jsqlparser\1.1\jsqlparser-1.1.jar;C:\Users\Administrator\.m2\repository\org\quartz-scheduler\quartz\2.3.0\quartz-2.3.0.jar;C:\Users\Administrator\.m2\repository\com\mchange\mchange-commons-java\0.2.11\mchange-commons-java-0.2.11.jar;C:\Users\Administrator\.m2\repository\com\zaxxer\HikariCP-java6\2.3.13\HikariCP-java6-2.3.13.jar;C:\Users\Administrator\.m2\repository\com\google\guava\guava\17.0\guava-17.0.jar;C:\Users\Administrator\.m2\repository\org\apache\shiro\shiro-web\1.3.2\shiro-web-1.3.2.jar;C:\Users\Administrator\.m2\repository\org\apache\shiro\shiro-cas\1.3.2\shiro-cas-1.3.2.jar;C:\Users\Administrator\.m2\repository\org\jasig\cas\client\cas-client-core\3.2.2\cas-client-core-3.2.2.jar;C:\Users\Administrator\.m2\repository\commons-logging\commons-logging\1.1\commons-logging-1.1.jar;C:\Users\Administrator\.m2\repository\javax\servlet\servlet-api\2.3\servlet-api-2.3.jar;C:\Users\Administrator\.m2\repository\org\apache\shiro\shiro-core\1.3.2\shiro-core-1.3.2.jar;C:\Users\Administrator\.m2\repository\commons-beanutils\commons-beanutils\1.9.3\commons-beanutils-1.9.3.jar;C:\Users\Administrator\.m2\repository\commons-collections\commons-collections\3.2.2\commons-collections-3.2.2.jar;C:\Users\Administrator\.m2\repository\org\apache\shiro\shiro-spring\1.3.2\shiro-spring-1.3.2.jar;C:\Users\Administrator\.m2\repository\org\crazycake\shiro-redis\2.4.2.1-RELEASE\shiro-redis-2.4.2.1-RELEASE.jar;C:\Users\Administrator\.m2\repository\com\qiniu\qiniu-java-sdk\7.2.18\qiniu-java-sdk-7.2.18.jar;C:\Users\Administrator\.m2\repository\com\squareup\okhttp3\okhttp\3.11.0\okhttp-3.11.0.jar;C:\Users\Administrator\.m2\repository\com\squareup\okio\okio\1.14.0\okio-1.14.0.jar;C:\Users\Administrator\.m2\repository\com\google\code\gson\gson\2.8.2\gson-2.8.2.jar;C:\Users\Administrator\.m2\repository\com\aliyun\oss\aliyun-sdk-oss\2.8.2\aliyun-sdk-oss-2.8.2.jar;C:\Users\Administrator\.m2\repository\org\apache\httpcomponents\httpclient\4.5.3\httpclient-4.5.3.jar;C:\Users\Administrator\.m2\repository\org\apache\httpcomponents\httpcore\4.4.8\httpcore-4.4.8.jar;C:\Users\Administrator\.m2\repository\org\jdom\jdom\1.1\jdom-1.1.jar;C:\Users\Administrator\.m2\repository\net\sf\json-lib\json-lib\2.4\json-lib-2.4-jdk15.jar;C:\Users\Administrator\.m2\repository\commons-lang\commons-lang\2.5\commons-lang-2.5.jar;C:\Users\Administrator\.m2\repository\net\sf\ezmorph\ezmorph\1.0.6\ezmorph-1.0.6.jar;C:\Users\Administrator\.m2\repository\org\jsoup\jsoup\1.11.2\jsoup-1.11.2.jar;C:\Users\Administrator\.m2\repository\com\xiaoleilu\hutool-all\3.3.0\hutool-all-3.3.0.jar;C:\Users\Administrator\.m2\repository\org\apache\lucene\lucene-queryparser\7.1.0\lucene-queryparser-7.1.0.jar;C:\Users\Administrator\.m2\repository\org\apache\lucene\lucene-core\7.1.0\lucene-core-7.1.0.jar;C:\Users\Administrator\.m2\repository\org\apache\lucene\lucene-queries\7.1.0\lucene-queries-7.1.0.jar;C:\Users\Administrator\.m2\repository\org\apache\lucene\lucene-sandbox\7.1.0\lucene-sandbox-7.1.0.jar;C:\Users\Administrator\.m2\repository\org\apache\lucene\lucene-highlighter\7.1.0\lucene-highlighter-7.1.0.jar;C:\Users\Administrator\.m2\repository\org\apache\lucene\lucene-analyzers-common\7.1.0\lucene-analyzers-common-7.1.0.jar;C:\Users\Administrator\.m2\repository\org\apache\lucene\lucene-join\7.1.0\lucene-join-7.1.0.jar;C:\Users\Administrator\.m2\repository\org\apache\lucene\lucene-memory\7.1.0\lucene-memory-7.1.0.jar;C:\Users\Administrator\.m2\repository\org\apache\lucene\lucene-analyzers-smartcn\7.1.0\lucene-analyzers-smartcn-7.1.0.jar;C:\Users\Administrator\.m2\repository\cn\bestwu\ik-analyzers\5.1.0\ik-analyzers-5.1.0.jar;C:\Users\Administrator\.m2\repository\com\chenlb\mmseg4j\mmseg4j-solr\2.4.0\mmseg4j-solr-2.4.0.jar;C:\Users\Administrator\.m2\repository\com\chenlb\mmseg4j\mmseg4j-core\1.10.0\mmseg4j-core-1.10.0.jar;, user.name=Administrator, java.vm.specification.version=1.8, sun.java.command=E:\githubProject\mysiteforme5\target\surefire\surefirebooter6972953493265012701.jar E:\githubProject\mysiteforme5\target\surefire\surefire6630731935279406657tmp E:\githubProject\mysiteforme5\target\surefire\surefire_08815038886871126125tmp, java.home=C:\Program Files\Java\jdk1.8.0_181\jre, sun.arch.data.model=64, user.language=zh, java.specification.vendor=Oracle Corporation, awt.toolkit=sun.awt.windows.WToolkit, java.vm.info=mixed mode, java.version=1.8.0_181, java.ext.dirs=C:\Program Files\Java\jdk1.8.0_181\jre\lib\ext;C:\Windows\Sun\Java\lib\ext, sun.boot.class.path=C:\Program Files\Java\jdk1.8.0_181\jre\lib\resources.jar;C:\Program Files\Java\jdk1.8.0_181\jre\lib\rt.jar;C:\Program Files\Java\jdk1.8.0_181\jre\lib\sunrsasign.jar;C:\Program Files\Java\jdk1.8.0_181\jre\lib\jsse.jar;C:\Program Files\Java\jdk1.8.0_181\jre\lib\jce.jar;C:\Program Files\Java\jdk1.8.0_181\jre\lib\charsets.jar;C:\Program Files\Java\jdk1.8.0_181\jre\lib\jfr.jar;C:\Program Files\Java\jdk1.8.0_181\jre\classes, java.vendor=Oracle Corporation, localRepository=C:\Users\Administrator\.m2\repository, file.separator=\, java.vendor.url.bug=http://bugreport.sun.com/bugreport/, sun.io.unicode.encoding=UnicodeLittle, sun.cpu.endian=little, sun.desktop=windows, sun.cpu.isalist=amd64}}, SystemEnvironmentPropertySource@1629604310 {name='systemEnvironment', properties={PATH=C:\ProgramData\DockerDesktop\version-bin;C:\Program Files\Docker\Docker\Resources\bin;C:\Windows\system32;C:\Windows;C:\Windows\System32\Wbem;C:\Windows\System32\WindowsPowerShell\v1.0\;C:\Windows\System32\OpenSSH\;C:\Program Files (x86)\ATI Technologies\ATI.ACE\Core-Static;C:\Program Files\Java\jdk1.8.0_181\bin;C:\Program Files\Java\jdk1.8.0_181\jre\bin;C:\Program Files\Git\cmd;C:\Program Files\TortoiseGit\bin;C:\Program Files\erl10.0.1\bin;C:\Program Files\nodejs\;C:\Program Files\apache-maven-3.3.9\bin;C:\Program Files (x86)\Pandoc\;C:\Program Files\MySQL\MySQL Utilities 1.6\;C:\Program Files\TortoiseSVN\bin;C:\MinGW\bin;C:\Users\Administrator\.windows-build-tools\python27\;C:\Program Files\nodejs\node_modules\npm\node_modules\npm-lifecycle\node-gyp-bin;C:\Users\Administrator\AppData\Roaming\npm\node_modules\windows-build-tools\node_modules\.bin;C:\Users\Administrator\AppData\Roaming\npm\node_modules\.bin;C:\Program Files\Docker\Docker\Resources\bin;C:\Windows\system32;C:\Windows;C:\Windows\System32\Wbem;C:\Windows\System32\WindowsPowerShell\v1.0\;C:\Windows\System32\OpenSSH\;C:\Program Files (x86)\ATI Technologies\ATI.ACE\Core-Static;C:\Program Files\Java\jdk1.8.0_181\bin;C:\Program Files\Java\jdk1.8.0_181\jre\bin;C:\Program Files\Git\cmd;C:\Program Files\TortoiseGit\bin;C:\Program Files\erl10.0.1\bin;C:\Program Files\nodejs\;C:\Program Files\apache-maven-3.3.9\bin;C:\Program Files (x86)\Pandoc\;C:\Users\Administrator\AppData\Local\Microsoft\WindowsApps;C:\Users\Administrator\AppData\Roaming\npm;C:\Users\Administrator\AppData\Local\Programs\Microsoft VS Code\bin;C:\Program Files\JetBrains\IntelliJ IDEA 2018.3.2\bin;;C:\Program Files (x86)\Nmap, USERDOMAIN_ROAMINGPROFILE=DESKTOP-NKBL8SS, LOCALAPPDATA=C:\Users\Administrator\AppData\Local, PROCESSOR_LEVEL=21, SYSTEMDRIVE=C:, COMMONPROGRAMFILES(X86)=C:\Program Files (x86)\Common Files, USERDOMAIN=DESKTOP-NKBL8SS, FPS_BROWSER_APP_PROFILE_STRING=Internet Explorer, LOGONSERVER=\\DESKTOP-NKBL8SS, JAVA_HOME=C:\Program Files\Java\jdk1.8.0_181, PROMPT=$P$G, SESSIONNAME=Console, ALLUSERSPROFILE=C:\ProgramData, PROGRAMFILES(X86)=C:\Program Files (x86), PROCESSOR_ARCHITECTURE=AMD64, DRIVERDATA=C:\Windows\System32\Drivers\DriverData, INTELLIJ IDEA=C:\Program Files\JetBrains\IntelliJ IDEA 2018.3.2\bin;, ERLANG_HOME=C:\Program Files\erl10.0.1, MACTYPE_X64ADDR=140711761667808, =E:=E:\githubProject\mysiteforme5, MAVEN_HOME=C:\Program Files\apache-maven-3.3.9, PROGRAMFILES=C:\Program Files, APPDATA=C:\Users\Administrator\AppData\Roaming, PSMODULEPATH=C:\Program Files\WindowsPowerShell\Modules;C:\Windows\system32\WindowsPowerShell\v1.0\Modules, PROGRAMW6432=C:\Program Files, PROGRAMDATA=C:\ProgramData, SYSTEMROOT=C:\Windows, USERNAME=Administrator, FPS_BROWSER_USER_PROFILE_STRING=Default, ONEDRIVE=C:\Users\Administrator\OneDrive, PATHEXT=.COM;.EXE;.BAT;.CMD;.VBS;.VBE;.JS;.JSE;.WSF;.WSH;.MSC, OS=Windows_NT, COMMONPROGRAMW6432=C:\Program Files\Common Files, COMPUTERNAME=DESKTOP-NKBL8SS, COMMONPROGRAMFILES=C:\Program Files\Common Files, COMSPEC=C:\Windows\system32\cmd.exe, PROCESSOR_REVISION=3001, WINDIR=C:\Windows, HOMEPATH=\Users\Administrator, TEMP=C:\Users\ADMINI~1\AppData\Local\Temp, HOMEDRIVE=C:, PROCESSOR_IDENTIFIER=AMD64 Family 21 Model 48 Stepping 1, AuthenticAMD, USERPROFILE=C:\Users\Administrator, TMP=C:\Users\ADMINI~1\AppData\Local\Temp, PUBLIC=C:\Users\Public, NUMBER_OF_PROCESSORS=4, =::=::\}}]
20:21:47.011 [main] DEBUG org.springframework.core.io.support.PathMatchingResourcePatternResolver - Resolved classpath location [com/mysiteforme/admin/] to resources [URL [file:/E:/githubProject/mysiteforme5/target/test-classes/com/mysiteforme/admin/], URL [file:/E:/githubProject/mysiteforme5/target/classes/com/mysiteforme/admin/]]
20:21:47.012 [main] DEBUG org.springframework.core.io.support.PathMatchingResourcePatternResolver - Looking for matching resources in directory tree [E:\githubProject\mysiteforme5\target\test-classes\com\mysiteforme\admin]
20:21:47.014 [main] DEBUG org.springframework.core.io.support.PathMatchingResourcePatternResolver - Searching directory [E:\githubProject\mysiteforme5\target\test-classes\com\mysiteforme\admin] for files matching pattern [E:/githubProject/mysiteforme5/target/test-classes/com/mysiteforme/admin/*.class]
20:21:47.020 [main] DEBUG org.springframework.core.io.support.PathMatchingResourcePatternResolver - Looking for matching resources in directory tree [E:\githubProject\mysiteforme5\target\classes\com\mysiteforme\admin]
20:21:47.021 [main] DEBUG org.springframework.core.io.support.PathMatchingResourcePatternResolver - Searching directory [E:\githubProject\mysiteforme5\target\classes\com\mysiteforme\admin] for files matching pattern [E:/githubProject/mysiteforme5/target/classes/com/mysiteforme/admin/*.class]
20:21:47.028 [main] DEBUG org.springframework.core.io.support.PathMatchingResourcePatternResolver - Resolved location pattern [classpath*:com/mysiteforme/admin/*.class] to resources [file [E:\githubProject\mysiteforme5\target\test-classes\com\mysiteforme\admin\MysiteformeApplicationTests.class], file [E:\githubProject\mysiteforme5\target\test-classes\com\mysiteforme\admin\TestZipUtil.class], file [E:\githubProject\mysiteforme5\target\classes\com\mysiteforme\admin\MysiteformeApplication.class]]
20:21:47.271 [main] DEBUG org.springframework.context.annotation.ClassPathScanningCandidateComponentProvider - Identified candidate component class: file [E:\githubProject\mysiteforme5\target\classes\com\mysiteforme\admin\MysiteformeApplication.class]
20:21:47.279 [main] INFO org.springframework.boot.test.context.SpringBootTestContextBootstrapper - Found @SpringBootConfiguration com.mysiteforme.admin.MysiteformeApplication for test class com.mysiteforme.admin.MysiteformeApplicationTests
20:21:47.288 [main] DEBUG org.springframework.boot.test.context.SpringBootTestContextBootstrapper - @TestExecutionListeners is not present for class [com.mysiteforme.admin.MysiteformeApplicationTests]: using defaults.
20:21:47.335 [main] INFO org.springframework.boot.test.context.SpringBootTestContextBootstrapper - Loaded default TestExecutionListener class names from location [META-INF/spring.factories]: [org.springframework.boot.test.mock.mockito.MockitoTestExecutionListener, org.springframework.boot.test.mock.mockito.ResetMocksTestExecutionListener, org.springframework.boot.test.autoconfigure.restdocs.RestDocsTestExecutionListener, org.springframework.boot.test.autoconfigure.web.client.MockRestServiceServerResetTestExecutionListener, org.springframework.boot.test.autoconfigure.web.servlet.MockMvcPrintOnlyOnFailureTestExecutionListener, org.springframework.boot.test.autoconfigure.web.servlet.WebDriverTestExecutionListener, org.springframework.test.context.web.ServletTestExecutionListener, org.springframework.test.context.support.DirtiesContextBeforeModesTestExecutionListener, org.springframework.test.context.support.DependencyInjectionTestExecutionListener, org.springframework.test.context.support.DirtiesContextTestExecutionListener, org.springframework.test.context.transaction.TransactionalTestExecutionListener, org.springframework.test.context.jdbc.SqlScriptsTestExecutionListener]
20:21:47.383 [main] INFO org.springframework.boot.test.context.SpringBootTestContextBootstrapper - Using TestExecutionListeners: [org.springframework.test.context.web.ServletTestExecutionListener@7d68ef40, org.springframework.test.context.support.DirtiesContextBeforeModesTestExecutionListener@5b0abc94, org.springframework.boot.test.autoconfigure.SpringBootDependencyInjectionTestExecutionListener@75c072cb, org.springframework.test.context.support.DirtiesContextTestExecutionListener@1f1c7bf6, org.springframework.test.context.transaction.TransactionalTestExecutionListener@25b485ba, org.springframework.test.context.jdbc.SqlScriptsTestExecutionListener@2b546384, org.springframework.boot.test.autoconfigure.web.client.MockRestServiceServerResetTestExecutionListener@5d740a0f, org.springframework.boot.test.mock.mockito.MockitoTestExecutionListener@214b199c, org.springframework.boot.test.autoconfigure.web.servlet.MockMvcPrintOnlyOnFailureTestExecutionListener@20d3d15a, org.springframework.boot.test.autoconfigure.web.servlet.WebDriverTestExecutionListener@2893de87, org.springframework.boot.test.mock.mockito.ResetMocksTestExecutionListener@55ca8de8, org.springframework.boot.test.autoconfigure.restdocs.RestDocsTestExecutionListener@2c34f934]
20:21:47.391 [main] DEBUG org.springframework.test.annotation.ProfileValueUtils - Retrieved @ProfileValueSourceConfiguration [null] for test class [com.mysiteforme.admin.MysiteformeApplicationTests]
20:21:47.393 [main] DEBUG org.springframework.test.annotation.ProfileValueUtils - Retrieved ProfileValueSource type [class org.springframework.test.annotation.SystemProfileValueSource] for class [com.mysiteforme.admin.MysiteformeApplicationTests]
20:21:47.399 [main] DEBUG org.springframework.test.context.junit4.SpringJUnit4ClassRunner - SpringJUnit4ClassRunner constructor called with [class com.mysiteforme.admin.MysiteformeApplicationTests]
20:21:47.401 [main] DEBUG org.springframework.test.context.BootstrapUtils - Instantiating CacheAwareContextLoaderDelegate from class [org.springframework.test.context.cache.DefaultCacheAwareContextLoaderDelegate]
20:21:47.401 [main] DEBUG org.springframework.test.context.BootstrapUtils - Instantiating BootstrapContext using constructor [public org.springframework.test.context.support.DefaultBootstrapContext(java.lang.Class,org.springframework.test.context.CacheAwareContextLoaderDelegate)]
20:21:47.403 [main] DEBUG org.springframework.test.context.BootstrapUtils - Instantiating TestContextBootstrapper for test class [com.mysiteforme.admin.MysiteformeApplicationTests] from class [org.springframework.boot.test.context.SpringBootTestContextBootstrapper]
20:21:47.404 [main] INFO org.springframework.boot.test.context.SpringBootTestContextBootstrapper - Neither @ContextConfiguration nor @ContextHierarchy found for test class [com.mysiteforme.admin.MysiteformeApplicationTests], using SpringBootContextLoader
20:21:47.407 [main] DEBUG org.springframework.test.context.support.AbstractContextLoader - Did not detect default resource location for test class [com.mysiteforme.admin.MysiteformeApplicationTests]: class path resource [com/mysiteforme/admin/MysiteformeApplicationTests-context.xml] does not exist
20:21:47.409 [main] DEBUG org.springframework.test.context.support.AbstractContextLoader - Did not detect default resource location for test class [com.mysiteforme.admin.MysiteformeApplicationTests]: class path resource [com/mysiteforme/admin/MysiteformeApplicationTestsContext.groovy] does not exist
20:21:47.409 [main] INFO org.springframework.test.context.support.AbstractContextLoader - Could not detect default resource locations for test class [com.mysiteforme.admin.MysiteformeApplicationTests]: no resource found for suffixes {-context.xml, Context.groovy}.
20:21:47.410 [main] INFO org.springframework.test.context.support.AnnotationConfigContextLoaderUtils - Could not detect default configuration classes for test class [com.mysiteforme.admin.MysiteformeApplicationTests]: MysiteformeApplicationTests does not declare any static, non-private, non-final, nested classes annotated with @Configuration.
20:21:47.430 [main] DEBUG org.springframework.test.context.support.ActiveProfilesUtils - Could not find an 'annotation declaring class' for annotation type [org.springframework.test.context.ActiveProfiles] and class [com.mysiteforme.admin.MysiteformeApplicationTests]
20:21:47.430 [main] DEBUG org.springframework.core.env.StandardEnvironment - Adding PropertySource 'systemProperties' with lowest search precedence
20:21:47.431 [main] DEBUG org.springframework.core.env.StandardEnvironment - Adding PropertySource 'systemEnvironment' with lowest search precedence
20:21:47.436 [main] DEBUG org.springframework.core.env.StandardEnvironment - Initialized StandardEnvironment with PropertySources [MapPropertySource@330084561 {name='systemProperties', properties={idea.version=2018.3.2, java.runtime.name=Java(TM) SE Runtime Environment, sun.boot.library.path=C:\Program Files\Java\jdk1.8.0_181\jre\bin, java.vm.version=25.181-b13, java.vm.vendor=Oracle Corporation, java.vendor.url=http://java.oracle.com/, path.separator=;, java.vm.name=Java HotSpot(TM) 64-Bit Server VM, file.encoding.pkg=sun.io, user.country=CN, user.script=, sun.java.launcher=SUN_STANDARD, sun.os.patch.level=, java.vm.specification.name=Java Virtual Machine Specification, user.dir=E:\githubProject\mysiteforme5, java.runtime.version=1.8.0_181-b13, basedir=E:\githubProject\mysiteforme5, java.awt.graphicsenv=sun.awt.Win32GraphicsEnvironment, java.endorsed.dirs=C:\Program Files\Java\jdk1.8.0_181\jre\lib\endorsed, os.arch=amd64, surefire.real.class.path=E:\githubProject\mysiteforme5\target\surefire\surefirebooter6972953493265012701.jar, java.io.tmpdir=C:\Users\ADMINI~1\AppData\Local\Temp\, line.separator=
, java.vm.specification.vendor=Oracle Corporation, user.variant=, os.name=Windows 10, sun.jnu.encoding=GBK, java.library.path=C:\Program Files\Java\jdk1.8.0_181\jre\bin;C:\Windows\Sun\Java\bin;C:\Windows\system32;C:\Windows;C:\ProgramData\DockerDesktop\version-bin;C:\Program Files\Docker\Docker\Resources\bin;C:\Windows\system32;C:\Windows;C:\Windows\System32\Wbem;C:\Windows\System32\WindowsPowerShell\v1.0\;C:\Windows\System32\OpenSSH\;C:\Program Files (x86)\ATI Technologies\ATI.ACE\Core-Static;C:\Program Files\Java\jdk1.8.0_181\bin;C:\Program Files\Java\jdk1.8.0_181\jre\bin;C:\Program Files\Git\cmd;C:\Program Files\TortoiseGit\bin;C:\Program Files\erl10.0.1\bin;C:\Program Files\nodejs\;C:\Program Files\apache-maven-3.3.9\bin;C:\Program Files (x86)\Pandoc\;C:\Program Files\MySQL\MySQL Utilities 1.6\;C:\Program Files\TortoiseSVN\bin;C:\MinGW\bin;C:\Users\Administrator\.windows-build-tools\python27\;C:\Program Files\nodejs\node_modules\npm\node_modules\npm-lifecycle\node-gyp-bin;C:\Users\Administrator\AppData\Roaming\npm\node_modules\windows-build-tools\node_modules\.bin;C:\Users\Administrator\AppData\Roaming\npm\node_modules\.bin;C:\Program Files\Docker\Docker\Resources\bin;C:\Windows\system32;C:\Windows;C:\Windows\System32\Wbem;C:\Windows\System32\WindowsPowerShell\v1.0\;C:\Windows\System32\OpenSSH\;C:\Program Files (x86)\ATI Technologies\ATI.ACE\Core-Static;C:\Program Files\Java\jdk1.8.0_181\bin;C:\Program Files\Java\jdk1.8.0_181\jre\bin;C:\Program Files\Git\cmd;C:\Program Files\TortoiseGit\bin;C:\Program Files\erl10.0.1\bin;C:\Program Files\nodejs\;C:\Program Files\apache-maven-3.3.9\bin;C:\Program Files (x86)\Pandoc\;C:\Users\Administrator\AppData\Local\Microsoft\WindowsApps;C:\Users\Administrator\AppData\Roaming\npm;C:\Users\Administrator\AppData\Local\Programs\Microsoft VS Code\bin;C:\Program Files\JetBrains\IntelliJ IDEA 2018.3.2\bin;;C:\Program Files (x86)\Nmap;., surefire.test.class.path=E:\githubProject\mysiteforme5\target\test-classes;E:\githubProject\mysiteforme5\target\classes;C:\Users\Administrator\.m2\repository\org\springframework\boot\spring-boot-starter-data-redis\1.5.8.RELEASE\spring-boot-starter-data-redis-1.5.8.RELEASE.jar;C:\Users\Administrator\.m2\repository\org\springframework\boot\spring-boot-starter\1.5.8.RELEASE\spring-boot-starter-1.5.8.RELEASE.jar;C:\Users\Administrator\.m2\repository\org\springframework\boot\spring-boot\1.5.8.RELEASE\spring-boot-1.5.8.RELEASE.jar;C:\Users\Administrator\.m2\repository\org\springframework\boot\spring-boot-starter-logging\1.5.8.RELEASE\spring-boot-starter-logging-1.5.8.RELEASE.jar;C:\Users\Administrator\.m2\repository\ch\qos\logback\logback-classic\1.1.11\logback-classic-1.1.11.jar;C:\Users\Administrator\.m2\repository\ch\qos\logback\logback-core\1.1.11\logback-core-1.1.11.jar;C:\Users\Administrator\.m2\repository\org\slf4j\jul-to-slf4j\1.7.25\jul-to-slf4j-1.7.25.jar;C:\Users\Administrator\.m2\repository\org\slf4j\log4j-over-slf4j\1.7.25\log4j-over-slf4j-1.7.25.jar;C:\Users\Administrator\.m2\repository\org\yaml\snakeyaml\1.17\snakeyaml-1.17.jar;C:\Users\Administrator\.m2\repository\org\springframework\data\spring-data-redis\1.8.8.RELEASE\spring-data-redis-1.8.8.RELEASE.jar;C:\Users\Administrator\.m2\repository\org\springframework\data\spring-data-keyvalue\1.2.8.RELEASE\spring-data-keyvalue-1.2.8.RELEASE.jar;C:\Users\Administrator\.m2\repository\org\springframework\data\spring-data-commons\1.13.8.RELEASE\spring-data-commons-1.13.8.RELEASE.jar;C:\Users\Administrator\.m2\repository\org\springframework\spring-tx\4.3.12.RELEASE\spring-tx-4.3.12.RELEASE.jar;C:\Users\Administrator\.m2\repository\org\springframework\spring-oxm\4.3.12.RELEASE\spring-oxm-4.3.12.RELEASE.jar;C:\Users\Administrator\.m2\repository\org\slf4j\jcl-over-slf4j\1.7.25\jcl-over-slf4j-1.7.25.jar;C:\Users\Administrator\.m2\repository\redis\clients\jedis\2.9.0\jedis-2.9.0.jar;C:\Users\Administrator\.m2\repository\org\apache\commons\commons-pool2\2.4.2\commons-pool2-2.4.2.jar;C:\Users\Administrator\.m2\repository\org\mybatis\spring\boot\mybatis-spring-boot-starter\1.1.1\mybatis-spring-boot-starter-1.1.1.jar;C:\Users\Administrator\.m2\repository\org\mybatis\spring\boot\mybatis-spring-boot-autoconfigure\1.1.1\mybatis-spring-boot-autoconfigure-1.1.1.jar;C:\Users\Administrator\.m2\repository\org\springframework\boot\spring-boot-starter-web\1.5.8.RELEASE\spring-boot-starter-web-1.5.8.RELEASE.jar;C:\Users\Administrator\.m2\repository\org\springframework\boot\spring-boot-starter-tomcat\1.5.8.RELEASE\spring-boot-starter-tomcat-1.5.8.RELEASE.jar;C:\Users\Administrator\.m2\repository\org\apache\tomcat\embed\tomcat-embed-core\8.5.23\tomcat-embed-core-8.5.23.jar;C:\Users\Administrator\.m2\repository\org\apache\tomcat\tomcat-annotations-api\8.5.23\tomcat-annotations-api-8.5.23.jar;C:\Users\Administrator\.m2\repository\org\apache\tomcat\embed\tomcat-embed-el\8.5.23\tomcat-embed-el-8.5.23.jar;C:\Users\Administrator\.m2\repository\org\apache\tomcat\embed\tomcat-embed-websocket\8.5.23\tomcat-embed-websocket-8.5.23.jar;C:\Users\Administrator\.m2\repository\org\hibernate\hibernate-validator\5.3.5.Final\hibernate-validator-5.3.5.Final.jar;C:\Users\Administrator\.m2\repository\javax\validation\validation-api\1.1.0.Final\validation-api-1.1.0.Final.jar;C:\Users\Administrator\.m2\repository\org\jboss\logging\jboss-logging\3.3.1.Final\jboss-logging-3.3.1.Final.jar;C:\Users\Administrator\.m2\repository\com\fasterxml\classmate\1.3.4\classmate-1.3.4.jar;C:\Users\Administrator\.m2\repository\org\springframework\spring-web\4.3.12.RELEASE\spring-web-4.3.12.RELEASE.jar;C:\Users\Administrator\.m2\repository\org\springframework\spring-webmvc\4.3.12.RELEASE\spring-webmvc-4.3.12.RELEASE.jar;C:\Users\Administrator\.m2\repository\org\springframework\spring-expression\4.3.12.RELEASE\spring-expression-4.3.12.RELEASE.jar;C:\Users\Administrator\.m2\repository\org\springframework\boot\spring-boot-starter-aop\1.5.8.RELEASE\spring-boot-starter-aop-1.5.8.RELEASE.jar;C:\Users\Administrator\.m2\repository\org\springframework\spring-aop\4.3.12.RELEASE\spring-aop-4.3.12.RELEASE.jar;C:\Users\Administrator\.m2\repository\org\aspectj\aspectjweaver\1.8.11\aspectjweaver-1.8.11.jar;C:\Users\Administrator\.m2\repository\org\springframework\spring-context-support\4.3.12.RELEASE\spring-context-support-4.3.12.RELEASE.jar;C:\Users\Administrator\.m2\repository\org\springframework\spring-beans\4.3.12.RELEASE\spring-beans-4.3.12.RELEASE.jar;C:\Users\Administrator\.m2\repository\org\springframework\spring-context\4.3.12.RELEASE\spring-context-4.3.12.RELEASE.jar;C:\Users\Administrator\.m2\repository\org\springframework\spring-core\4.3.12.RELEASE\spring-core-4.3.12.RELEASE.jar;C:\Users\Administrator\.m2\repository\mysql\mysql-connector-java\5.1.44\mysql-connector-java-5.1.44.jar;C:\Users\Administrator\.m2\repository\org\springframework\boot\spring-boot-starter-test\1.5.8.RELEASE\spring-boot-starter-test-1.5.8.RELEASE.jar;C:\Users\Administrator\.m2\repository\org\springframework\boot\spring-boot-test\1.5.8.RELEASE\spring-boot-test-1.5.8.RELEASE.jar;C:\Users\Administrator\.m2\repository\org\springframework\boot\spring-boot-test-autoconfigure\1.5.8.RELEASE\spring-boot-test-autoconfigure-1.5.8.RELEASE.jar;C:\Users\Administrator\.m2\repository\com\jayway\jsonpath\json-path\2.2.0\json-path-2.2.0.jar;C:\Users\Administrator\.m2\repository\net\minidev\json-smart\2.2.1\json-smart-2.2.1.jar;C:\Users\Administrator\.m2\repository\net\minidev\accessors-smart\1.1\accessors-smart-1.1.jar;C:\Users\Administrator\.m2\repository\org\ow2\asm\asm\5.0.3\asm-5.0.3.jar;C:\Users\Administrator\.m2\repository\junit\junit\4.12\junit-4.12.jar;C:\Users\Administrator\.m2\repository\org\assertj\assertj-core\2.6.0\assertj-core-2.6.0.jar;C:\Users\Administrator\.m2\repository\org\mockito\mockito-core\1.10.19\mockito-core-1.10.19.jar;C:\Users\Administrator\.m2\repository\org\objenesis\objenesis\2.1\objenesis-2.1.jar;C:\Users\Administrator\.m2\repository\org\hamcrest\hamcrest-core\1.3\hamcrest-core-1.3.jar;C:\Users\Administrator\.m2\repository\org\hamcrest\hamcrest-library\1.3\hamcrest-library-1.3.jar;C:\Users\Administrator\.m2\repository\org\skyscreamer\jsonassert\1.4.0\jsonassert-1.4.0.jar;C:\Users\Administrator\.m2\repository\com\vaadin\external\google\android-json\0.0.20131108.vaadin1\android-json-0.0.20131108.vaadin1.jar;C:\Users\Administrator\.m2\repository\org\springframework\spring-test\4.3.12.RELEASE\spring-test-4.3.12.RELEASE.jar;C:\Users\Administrator\.m2\repository\org\springframework\boot\spring-boot-starter-freemarker\1.5.8.RELEASE\spring-boot-starter-freemarker-1.5.8.RELEASE.jar;C:\Users\Administrator\.m2\repository\org\freemarker\freemarker\2.3.26-incubating\freemarker-2.3.26-incubating.jar;C:\Users\Administrator\.m2\repository\org\springframework\boot\spring-boot-starter-cache\1.5.8.RELEASE\spring-boot-starter-cache-1.5.8.RELEASE.jar;C:\Users\Administrator\.m2\repository\org\apache\commons\commons-lang3\3.4\commons-lang3-3.4.jar;C:\Users\Administrator\.m2\repository\commons-codec\commons-codec\1.10\commons-codec-1.10.jar;C:\Users\Administrator\.m2\repository\commons-fileupload\commons-fileupload\1.3.1\commons-fileupload-1.3.1.jar;C:\Users\Administrator\.m2\repository\commons-io\commons-io\2.2\commons-io-2.2.jar;C:\Users\Administrator\.m2\repository\org\apache\velocity\velocity-engine-core\2.0\velocity-engine-core-2.0.jar;C:\Users\Administrator\.m2\repository\org\slf4j\slf4j-api\1.7.25\slf4j-api-1.7.25.jar;C:\Users\Administrator\.m2\repository\com\alibaba\fastjson\1.2.41\fastjson-1.2.41.jar;C:\Users\Administrator\.m2\repository\com\fasterxml\jackson\core\jackson-annotations\2.9.3\jackson-annotations-2.9.3.jar;C:\Users\Administrator\.m2\repository\com\fasterxml\jackson\core\jackson-core\2.9.3\jackson-core-2.9.3.jar;C:\Users\Administrator\.m2\repository\com\fasterxml\jackson\core\jackson-databind\2.9.3\jackson-databind-2.9.3.jar;C:\Users\Administrator\.m2\repository\com\alibaba\druid-spring-boot-starter\1.1.9\druid-spring-boot-starter-1.1.9.jar;C:\Users\Administrator\.m2\repository\com\alibaba\druid\1.1.9\druid-1.1.9.jar;C:\Users\Administrator\.m2\repository\org\springframework\boot\spring-boot-autoconfigure\1.5.8.RELEASE\spring-boot-autoconfigure-1.5.8.RELEASE.jar;C:\Users\Administrator\.m2\repository\com\baomidou\mybatisplus-spring-boot-starter\1.0.5\mybatisplus-spring-boot-starter-1.0.5.jar;C:\Users\Administrator\.m2\repository\org\springframework\boot\spring-boot-configuration-processor\1.5.8.RELEASE\spring-boot-configuration-processor-1.5.8.RELEASE.jar;C:\Users\Administrator\.m2\repository\org\springframework\boot\spring-boot-starter-jdbc\1.5.8.RELEASE\spring-boot-starter-jdbc-1.5.8.RELEASE.jar;C:\Users\Administrator\.m2\repository\org\apache\tomcat\tomcat-jdbc\8.5.23\tomcat-jdbc-8.5.23.jar;C:\Users\Administrator\.m2\repository\org\apache\tomcat\tomcat-juli\8.5.23\tomcat-juli-8.5.23.jar;C:\Users\Administrator\.m2\repository\org\springframework\spring-jdbc\4.3.12.RELEASE\spring-jdbc-4.3.12.RELEASE.jar;C:\Users\Administrator\.m2\repository\com\baomidou\mybatis-plus\2.1.4\mybatis-plus-2.1.4.jar;C:\Users\Administrator\.m2\repository\org\mybatis\mybatis-spring\1.3.1\mybatis-spring-1.3.1.jar;C:\Users\Administrator\.m2\repository\org\mybatis\mybatis\3.4.5\mybatis-3.4.5.jar;C:\Users\Administrator\.m2\repository\com\github\jsqlparser\jsqlparser\1.1\jsqlparser-1.1.jar;C:\Users\Administrator\.m2\repository\org\quartz-scheduler\quartz\2.3.0\quartz-2.3.0.jar;C:\Users\Administrator\.m2\repository\com\mchange\mchange-commons-java\0.2.11\mchange-commons-java-0.2.11.jar;C:\Users\Administrator\.m2\repository\com\zaxxer\HikariCP-java6\2.3.13\HikariCP-java6-2.3.13.jar;C:\Users\Administrator\.m2\repository\com\google\guava\guava\17.0\guava-17.0.jar;C:\Users\Administrator\.m2\repository\org\apache\shiro\shiro-web\1.3.2\shiro-web-1.3.2.jar;C:\Users\Administrator\.m2\repository\org\apache\shiro\shiro-cas\1.3.2\shiro-cas-1.3.2.jar;C:\Users\Administrator\.m2\repository\org\jasig\cas\client\cas-client-core\3.2.2\cas-client-core-3.2.2.jar;C:\Users\Administrator\.m2\repository\commons-logging\commons-logging\1.1\commons-logging-1.1.jar;C:\Users\Administrator\.m2\repository\javax\servlet\servlet-api\2.3\servlet-api-2.3.jar;C:\Users\Administrator\.m2\repository\org\apache\shiro\shiro-core\1.3.2\shiro-core-1.3.2.jar;C:\Users\Administrator\.m2\repository\commons-beanutils\commons-beanutils\1.9.3\commons-beanutils-1.9.3.jar;C:\Users\Administrator\.m2\repository\commons-collections\commons-collections\3.2.2\commons-collections-3.2.2.jar;C:\Users\Administrator\.m2\repository\org\apache\shiro\shiro-spring\1.3.2\shiro-spring-1.3.2.jar;C:\Users\Administrator\.m2\repository\org\crazycake\shiro-redis\2.4.2.1-RELEASE\shiro-redis-2.4.2.1-RELEASE.jar;C:\Users\Administrator\.m2\repository\com\qiniu\qiniu-java-sdk\7.2.18\qiniu-java-sdk-7.2.18.jar;C:\Users\Administrator\.m2\repository\com\squareup\okhttp3\okhttp\3.11.0\okhttp-3.11.0.jar;C:\Users\Administrator\.m2\repository\com\squareup\okio\okio\1.14.0\okio-1.14.0.jar;C:\Users\Administrator\.m2\repository\com\google\code\gson\gson\2.8.2\gson-2.8.2.jar;C:\Users\Administrator\.m2\repository\com\aliyun\oss\aliyun-sdk-oss\2.8.2\aliyun-sdk-oss-2.8.2.jar;C:\Users\Administrator\.m2\repository\org\apache\httpcomponents\httpclient\4.5.3\httpclient-4.5.3.jar;C:\Users\Administrator\.m2\repository\org\apache\httpcomponents\httpcore\4.4.8\httpcore-4.4.8.jar;C:\Users\Administrator\.m2\repository\org\jdom\jdom\1.1\jdom-1.1.jar;C:\Users\Administrator\.m2\repository\net\sf\json-lib\json-lib\2.4\json-lib-2.4-jdk15.jar;C:\Users\Administrator\.m2\repository\commons-lang\commons-lang\2.5\commons-lang-2.5.jar;C:\Users\Administrator\.m2\repository\net\sf\ezmorph\ezmorph\1.0.6\ezmorph-1.0.6.jar;C:\Users\Administrator\.m2\repository\org\jsoup\jsoup\1.11.2\jsoup-1.11.2.jar;C:\Users\Administrator\.m2\repository\com\xiaoleilu\hutool-all\3.3.0\hutool-all-3.3.0.jar;C:\Users\Administrator\.m2\repository\org\apache\lucene\lucene-queryparser\7.1.0\lucene-queryparser-7.1.0.jar;C:\Users\Administrator\.m2\repository\org\apache\lucene\lucene-core\7.1.0\lucene-core-7.1.0.jar;C:\Users\Administrator\.m2\repository\org\apache\lucene\lucene-queries\7.1.0\lucene-queries-7.1.0.jar;C:\Users\Administrator\.m2\repository\org\apache\lucene\lucene-sandbox\7.1.0\lucene-sandbox-7.1.0.jar;C:\Users\Administrator\.m2\repository\org\apache\lucene\lucene-highlighter\7.1.0\lucene-highlighter-7.1.0.jar;C:\Users\Administrator\.m2\repository\org\apache\lucene\lucene-analyzers-common\7.1.0\lucene-analyzers-common-7.1.0.jar;C:\Users\Administrator\.m2\repository\org\apache\lucene\lucene-join\7.1.0\lucene-join-7.1.0.jar;C:\Users\Administrator\.m2\repository\org\apache\lucene\lucene-memory\7.1.0\lucene-memory-7.1.0.jar;C:\Users\Administrator\.m2\repository\org\apache\lucene\lucene-analyzers-smartcn\7.1.0\lucene-analyzers-smartcn-7.1.0.jar;C:\Users\Administrator\.m2\repository\cn\bestwu\ik-analyzers\5.1.0\ik-analyzers-5.1.0.jar;C:\Users\Administrator\.m2\repository\com\chenlb\mmseg4j\mmseg4j-solr\2.4.0\mmseg4j-solr-2.4.0.jar;C:\Users\Administrator\.m2\repository\com\chenlb\mmseg4j\mmseg4j-core\1.10.0\mmseg4j-core-1.10.0.jar;, java.specification.name=Java Platform API Specification, java.class.version=52.0, sun.management.compiler=HotSpot 64-Bit Tiered Compilers, os.version=10.0, user.home=C:\Users\Administrator, user.timezone=Asia/Shanghai, java.awt.printerjob=sun.awt.windows.WPrinterJob, file.encoding=GBK, java.specification.version=1.8, java.class.path=E:\githubProject\mysiteforme5\target\test-classes;E:\githubProject\mysiteforme5\target\classes;C:\Users\Administrator\.m2\repository\org\springframework\boot\spring-boot-starter-data-redis\1.5.8.RELEASE\spring-boot-starter-data-redis-1.5.8.RELEASE.jar;C:\Users\Administrator\.m2\repository\org\springframework\boot\spring-boot-starter\1.5.8.RELEASE\spring-boot-starter-1.5.8.RELEASE.jar;C:\Users\Administrator\.m2\repository\org\springframework\boot\spring-boot\1.5.8.RELEASE\spring-boot-1.5.8.RELEASE.jar;C:\Users\Administrator\.m2\repository\org\springframework\boot\spring-boot-starter-logging\1.5.8.RELEASE\spring-boot-starter-logging-1.5.8.RELEASE.jar;C:\Users\Administrator\.m2\repository\ch\qos\logback\logback-classic\1.1.11\logback-classic-1.1.11.jar;C:\Users\Administrator\.m2\repository\ch\qos\logback\logback-core\1.1.11\logback-core-1.1.11.jar;C:\Users\Administrator\.m2\repository\org\slf4j\jul-to-slf4j\1.7.25\jul-to-slf4j-1.7.25.jar;C:\Users\Administrator\.m2\repository\org\slf4j\log4j-over-slf4j\1.7.25\log4j-over-slf4j-1.7.25.jar;C:\Users\Administrator\.m2\repository\org\yaml\snakeyaml\1.17\snakeyaml-1.17.jar;C:\Users\Administrator\.m2\repository\org\springframework\data\spring-data-redis\1.8.8.RELEASE\spring-data-redis-1.8.8.RELEASE.jar;C:\Users\Administrator\.m2\repository\org\springframework\data\spring-data-keyvalue\1.2.8.RELEASE\spring-data-keyvalue-1.2.8.RELEASE.jar;C:\Users\Administrator\.m2\repository\org\springframework\data\spring-data-commons\1.13.8.RELEASE\spring-data-commons-1.13.8.RELEASE.jar;C:\Users\Administrator\.m2\repository\org\springframework\spring-tx\4.3.12.RELEASE\spring-tx-4.3.12.RELEASE.jar;C:\Users\Administrator\.m2\repository\org\springframework\spring-oxm\4.3.12.RELEASE\spring-oxm-4.3.12.RELEASE.jar;C:\Users\Administrator\.m2\repository\org\slf4j\jcl-over-slf4j\1.7.25\jcl-over-slf4j-1.7.25.jar;C:\Users\Administrator\.m2\repository\redis\clients\jedis\2.9.0\jedis-2.9.0.jar;C:\Users\Administrator\.m2\repository\org\apache\commons\commons-pool2\2.4.2\commons-pool2-2.4.2.jar;C:\Users\Administrator\.m2\repository\org\mybatis\spring\boot\mybatis-spring-boot-starter\1.1.1\mybatis-spring-boot-starter-1.1.1.jar;C:\Users\Administrator\.m2\repository\org\mybatis\spring\boot\mybatis-spring-boot-autoconfigure\1.1.1\mybatis-spring-boot-autoconfigure-1.1.1.jar;C:\Users\Administrator\.m2\repository\org\springframework\boot\spring-boot-starter-web\1.5.8.RELEASE\spring-boot-starter-web-1.5.8.RELEASE.jar;C:\Users\Administrator\.m2\repository\org\springframework\boot\spring-boot-starter-tomcat\1.5.8.RELEASE\spring-boot-starter-tomcat-1.5.8.RELEASE.jar;C:\Users\Administrator\.m2\repository\org\apache\tomcat\embed\tomcat-embed-core\8.5.23\tomcat-embed-core-8.5.23.jar;C:\Users\Administrator\.m2\repository\org\apache\tomcat\tomcat-annotations-api\8.5.23\tomcat-annotations-api-8.5.23.jar;C:\Users\Administrator\.m2\repository\org\apache\tomcat\embed\tomcat-embed-el\8.5.23\tomcat-embed-el-8.5.23.jar;C:\Users\Administrator\.m2\repository\org\apache\tomcat\embed\tomcat-embed-websocket\8.5.23\tomcat-embed-websocket-8.5.23.jar;C:\Users\Administrator\.m2\repository\org\hibernate\hibernate-validator\5.3.5.Final\hibernate-validator-5.3.5.Final.jar;C:\Users\Administrator\.m2\repository\javax\validation\validation-api\1.1.0.Final\validation-api-1.1.0.Final.jar;C:\Users\Administrator\.m2\repository\org\jboss\logging\jboss-logging\3.3.1.Final\jboss-logging-3.3.1.Final.jar;C:\Users\Administrator\.m2\repository\com\fasterxml\classmate\1.3.4\classmate-1.3.4.jar;C:\Users\Administrator\.m2\repository\org\springframework\spring-web\4.3.12.RELEASE\spring-web-4.3.12.RELEASE.jar;C:\Users\Administrator\.m2\repository\org\springframework\spring-webmvc\4.3.12.RELEASE\spring-webmvc-4.3.12.RELEASE.jar;C:\Users\Administrator\.m2\repository\org\springframework\spring-expression\4.3.12.RELEASE\spring-expression-4.3.12.RELEASE.jar;C:\Users\Administrator\.m2\repository\org\springframework\boot\spring-boot-starter-aop\1.5.8.RELEASE\spring-boot-starter-aop-1.5.8.RELEASE.jar;C:\Users\Administrator\.m2\repository\org\springframework\spring-aop\4.3.12.RELEASE\spring-aop-4.3.12.RELEASE.jar;C:\Users\Administrator\.m2\repository\org\aspectj\aspectjweaver\1.8.11\aspectjweaver-1.8.11.jar;C:\Users\Administrator\.m2\repository\org\springframework\spring-context-support\4.3.12.RELEASE\spring-context-support-4.3.12.RELEASE.jar;C:\Users\Administrator\.m2\repository\org\springframework\spring-beans\4.3.12.RELEASE\spring-beans-4.3.12.RELEASE.jar;C:\Users\Administrator\.m2\repository\org\springframework\spring-context\4.3.12.RELEASE\spring-context-4.3.12.RELEASE.jar;C:\Users\Administrator\.m2\repository\org\springframework\spring-core\4.3.12.RELEASE\spring-core-4.3.12.RELEASE.jar;C:\Users\Administrator\.m2\repository\mysql\mysql-connector-java\5.1.44\mysql-connector-java-5.1.44.jar;C:\Users\Administrator\.m2\repository\org\springframework\boot\spring-boot-starter-test\1.5.8.RELEASE\spring-boot-starter-test-1.5.8.RELEASE.jar;C:\Users\Administrator\.m2\repository\org\springframework\boot\spring-boot-test\1.5.8.RELEASE\spring-boot-test-1.5.8.RELEASE.jar;C:\Users\Administrator\.m2\repository\org\springframework\boot\spring-boot-test-autoconfigure\1.5.8.RELEASE\spring-boot-test-autoconfigure-1.5.8.RELEASE.jar;C:\Users\Administrator\.m2\repository\com\jayway\jsonpath\json-path\2.2.0\json-path-2.2.0.jar;C:\Users\Administrator\.m2\repository\net\minidev\json-smart\2.2.1\json-smart-2.2.1.jar;C:\Users\Administrator\.m2\repository\net\minidev\accessors-smart\1.1\accessors-smart-1.1.jar;C:\Users\Administrator\.m2\repository\org\ow2\asm\asm\5.0.3\asm-5.0.3.jar;C:\Users\Administrator\.m2\repository\junit\junit\4.12\junit-4.12.jar;C:\Users\Administrator\.m2\repository\org\assertj\assertj-core\2.6.0\assertj-core-2.6.0.jar;C:\Users\Administrator\.m2\repository\org\mockito\mockito-core\1.10.19\mockito-core-1.10.19.jar;C:\Users\Administrator\.m2\repository\org\objenesis\objenesis\2.1\objenesis-2.1.jar;C:\Users\Administrator\.m2\repository\org\hamcrest\hamcrest-core\1.3\hamcrest-core-1.3.jar;C:\Users\Administrator\.m2\repository\org\hamcrest\hamcrest-library\1.3\hamcrest-library-1.3.jar;C:\Users\Administrator\.m2\repository\org\skyscreamer\jsonassert\1.4.0\jsonassert-1.4.0.jar;C:\Users\Administrator\.m2\repository\com\vaadin\external\google\android-json\0.0.20131108.vaadin1\android-json-0.0.20131108.vaadin1.jar;C:\Users\Administrator\.m2\repository\org\springframework\spring-test\4.3.12.RELEASE\spring-test-4.3.12.RELEASE.jar;C:\Users\Administrator\.m2\repository\org\springframework\boot\spring-boot-starter-freemarker\1.5.8.RELEASE\spring-boot-starter-freemarker-1.5.8.RELEASE.jar;C:\Users\Administrator\.m2\repository\org\freemarker\freemarker\2.3.26-incubating\freemarker-2.3.26-incubating.jar;C:\Users\Administrator\.m2\repository\org\springframework\boot\spring-boot-starter-cache\1.5.8.RELEASE\spring-boot-starter-cache-1.5.8.RELEASE.jar;C:\Users\Administrator\.m2\repository\org\apache\commons\commons-lang3\3.4\commons-lang3-3.4.jar;C:\Users\Administrator\.m2\repository\commons-codec\commons-codec\1.10\commons-codec-1.10.jar;C:\Users\Administrator\.m2\repository\commons-fileupload\commons-fileupload\1.3.1\commons-fileupload-1.3.1.jar;C:\Users\Administrator\.m2\repository\commons-io\commons-io\2.2\commons-io-2.2.jar;C:\Users\Administrator\.m2\repository\org\apache\velocity\velocity-engine-core\2.0\velocity-engine-core-2.0.jar;C:\Users\Administrator\.m2\repository\org\slf4j\slf4j-api\1.7.25\slf4j-api-1.7.25.jar;C:\Users\Administrator\.m2\repository\com\alibaba\fastjson\1.2.41\fastjson-1.2.41.jar;C:\Users\Administrator\.m2\repository\com\fasterxml\jackson\core\jackson-annotations\2.9.3\jackson-annotations-2.9.3.jar;C:\Users\Administrator\.m2\repository\com\fasterxml\jackson\core\jackson-core\2.9.3\jackson-core-2.9.3.jar;C:\Users\Administrator\.m2\repository\com\fasterxml\jackson\core\jackson-databind\2.9.3\jackson-databind-2.9.3.jar;C:\Users\Administrator\.m2\repository\com\alibaba\druid-spring-boot-starter\1.1.9\druid-spring-boot-starter-1.1.9.jar;C:\Users\Administrator\.m2\repository\com\alibaba\druid\1.1.9\druid-1.1.9.jar;C:\Users\Administrator\.m2\repository\org\springframework\boot\spring-boot-autoconfigure\1.5.8.RELEASE\spring-boot-autoconfigure-1.5.8.RELEASE.jar;C:\Users\Administrator\.m2\repository\com\baomidou\mybatisplus-spring-boot-starter\1.0.5\mybatisplus-spring-boot-starter-1.0.5.jar;C:\Users\Administrator\.m2\repository\org\springframework\boot\spring-boot-configuration-processor\1.5.8.RELEASE\spring-boot-configuration-processor-1.5.8.RELEASE.jar;C:\Users\Administrator\.m2\repository\org\springframework\boot\spring-boot-starter-jdbc\1.5.8.RELEASE\spring-boot-starter-jdbc-1.5.8.RELEASE.jar;C:\Users\Administrator\.m2\repository\org\apache\tomcat\tomcat-jdbc\8.5.23\tomcat-jdbc-8.5.23.jar;C:\Users\Administrator\.m2\repository\org\apache\tomcat\tomcat-juli\8.5.23\tomcat-juli-8.5.23.jar;C:\Users\Administrator\.m2\repository\org\springframework\spring-jdbc\4.3.12.RELEASE\spring-jdbc-4.3.12.RELEASE.jar;C:\Users\Administrator\.m2\repository\com\baomidou\mybatis-plus\2.1.4\mybatis-plus-2.1.4.jar;C:\Users\Administrator\.m2\repository\org\mybatis\mybatis-spring\1.3.1\mybatis-spring-1.3.1.jar;C:\Users\Administrator\.m2\repository\org\mybatis\mybatis\3.4.5\mybatis-3.4.5.jar;C:\Users\Administrator\.m2\repository\com\github\jsqlparser\jsqlparser\1.1\jsqlparser-1.1.jar;C:\Users\Administrator\.m2\repository\org\quartz-scheduler\quartz\2.3.0\quartz-2.3.0.jar;C:\Users\Administrator\.m2\repository\com\mchange\mchange-commons-java\0.2.11\mchange-commons-java-0.2.11.jar;C:\Users\Administrator\.m2\repository\com\zaxxer\HikariCP-java6\2.3.13\HikariCP-java6-2.3.13.jar;C:\Users\Administrator\.m2\repository\com\google\guava\guava\17.0\guava-17.0.jar;C:\Users\Administrator\.m2\repository\org\apache\shiro\shiro-web\1.3.2\shiro-web-1.3.2.jar;C:\Users\Administrator\.m2\repository\org\apache\shiro\shiro-cas\1.3.2\shiro-cas-1.3.2.jar;C:\Users\Administrator\.m2\repository\org\jasig\cas\client\cas-client-core\3.2.2\cas-client-core-3.2.2.jar;C:\Users\Administrator\.m2\repository\commons-logging\commons-logging\1.1\commons-logging-1.1.jar;C:\Users\Administrator\.m2\repository\javax\servlet\servlet-api\2.3\servlet-api-2.3.jar;C:\Users\Administrator\.m2\repository\org\apache\shiro\shiro-core\1.3.2\shiro-core-1.3.2.jar;C:\Users\Administrator\.m2\repository\commons-beanutils\commons-beanutils\1.9.3\commons-beanutils-1.9.3.jar;C:\Users\Administrator\.m2\repository\commons-collections\commons-collections\3.2.2\commons-collections-3.2.2.jar;C:\Users\Administrator\.m2\repository\org\apache\shiro\shiro-spring\1.3.2\shiro-spring-1.3.2.jar;C:\Users\Administrator\.m2\repository\org\crazycake\shiro-redis\2.4.2.1-RELEASE\shiro-redis-2.4.2.1-RELEASE.jar;C:\Users\Administrator\.m2\repository\com\qiniu\qiniu-java-sdk\7.2.18\qiniu-java-sdk-7.2.18.jar;C:\Users\Administrator\.m2\repository\com\squareup\okhttp3\okhttp\3.11.0\okhttp-3.11.0.jar;C:\Users\Administrator\.m2\repository\com\squareup\okio\okio\1.14.0\okio-1.14.0.jar;C:\Users\Administrator\.m2\repository\com\google\code\gson\gson\2.8.2\gson-2.8.2.jar;C:\Users\Administrator\.m2\repository\com\aliyun\oss\aliyun-sdk-oss\2.8.2\aliyun-sdk-oss-2.8.2.jar;C:\Users\Administrator\.m2\repository\org\apache\httpcomponents\httpclient\4.5.3\httpclient-4.5.3.jar;C:\Users\Administrator\.m2\repository\org\apache\httpcomponents\httpcore\4.4.8\httpcore-4.4.8.jar;C:\Users\Administrator\.m2\repository\org\jdom\jdom\1.1\jdom-1.1.jar;C:\Users\Administrator\.m2\repository\net\sf\json-lib\json-lib\2.4\json-lib-2.4-jdk15.jar;C:\Users\Administrator\.m2\repository\commons-lang\commons-lang\2.5\commons-lang-2.5.jar;C:\Users\Administrator\.m2\repository\net\sf\ezmorph\ezmorph\1.0.6\ezmorph-1.0.6.jar;C:\Users\Administrator\.m2\repository\org\jsoup\jsoup\1.11.2\jsoup-1.11.2.jar;C:\Users\Administrator\.m2\repository\com\xiaoleilu\hutool-all\3.3.0\hutool-all-3.3.0.jar;C:\Users\Administrator\.m2\repository\org\apache\lucene\lucene-queryparser\7.1.0\lucene-queryparser-7.1.0.jar;C:\Users\Administrator\.m2\repository\org\apache\lucene\lucene-core\7.1.0\lucene-core-7.1.0.jar;C:\Users\Administrator\.m2\repository\org\apache\lucene\lucene-queries\7.1.0\lucene-queries-7.1.0.jar;C:\Users\Administrator\.m2\repository\org\apache\lucene\lucene-sandbox\7.1.0\lucene-sandbox-7.1.0.jar;C:\Users\Administrator\.m2\repository\org\apache\lucene\lucene-highlighter\7.1.0\lucene-highlighter-7.1.0.jar;C:\Users\Administrator\.m2\repository\org\apache\lucene\lucene-analyzers-common\7.1.0\lu
[...]
    from
        sys_menu 
    where
        del_flag = false                           
        and parent_id = 1                                 
    order by
        sort desc

 Time£º0 ms - ID£ºcom.mysiteforme.admin.dao.MenuDao.getMenus
 Execute SQL£º
    select
        id,
        name,
        parent_id as "parentId",
        parent_ids as "parentIds",
        level,
        sort,
        href,
        target,
        icon,
        is_show as "isShow",
        bg_color as "bgColor",
        permission,
        create_by as "createId",
        create_date as "createDate",
        update_by as "updateId",
        update_date as "updateDate",
        remarks,
        del_flag as "delFlag",
        null as "myIsShow" 
    from
        sys_menu 
    where
        del_flag = false                           
        and parent_id = 40                                 
    order by
        sort desc

 Time£º0 ms - ID£ºcom.mysiteforme.admin.dao.MenuDao.getMenus
 Execute SQL£º
    select
        id,
        name,
        parent_id as "parentId",
        parent_ids as "parentIds",
        level,
        sort,
        href,
        target,
        icon,
        is_show as "isShow",
        bg_color as "bgColor",
        permission,
        create_by as "createId",
        create_date as "createDate",
        update_by as "updateId",
        update_date as "updateDate",
        remarks,
        del_flag as "delFlag",
        null as "myIsShow" 
    from
        sys_menu 
    where
        del_flag = false                           
        and parent_id = 39                                 
    order by
        sort desc

 Time£º2 ms - ID£ºcom.mysiteforme.admin.dao.MenuDao.getMenus
 Execute SQL£º
    select
        id,
        name,
        parent_id as "parentId",
        parent_ids as "parentIds",
        level,
        sort,
        href,
        target,
        icon,
        is_show as "isShow",
        bg_color as "bgColor",
        permission,
        create_by as "createId",
        create_date as "createDate",
        update_by as "updateId",
        update_date as "updateDate",
        remarks,
        del_flag as "delFlag",
        null as "myIsShow" 
    from
        sys_menu 
    where
        del_flag = false                           
        and parent_id = 38                                 
    order by
        sort desc

 Time£º95 ms - ID£ºcom.mysiteforme.admin.dao.MenuDao.getMenus
 Execute SQL£º
    select
        id,
        name,
        parent_id as "parentId",
        parent_ids as "parentIds",
        level,
        sort,
        href,
        target,
        icon,
        is_show as "isShow",
        bg_color as "bgColor",
        permission,
        create_by as "createId",
        create_date as "createDate",
        update_by as "updateId",
        update_date as "updateDate",
        remarks,
        del_flag as "delFlag",
        null as "myIsShow" 
    from
        sys_menu 
    where
        del_flag = false                           
        and parent_id = 13                                 
    order by
        sort desc

 Time£º0 ms - ID£ºcom.mysiteforme.admin.dao.MenuDao.getMenus
 Execute SQL£º
    select
        id,
        name,
        parent_id as "parentId",
        parent_ids as "parentIds",
        level,
        sort,
        href,
        target,
        icon,
        is_show as "isShow",
        bg_color as "bgColor",
        permission,
        create_by as "createId",
        create_date as "createDate",
        update_by as "updateId",
        update_date as "updateDate",
        remarks,
        del_flag as "delFlag",
        null as "myIsShow" 
    from
        sys_menu 
    where
        del_flag = false                           
        and parent_id = 45                                 
    order by
        sort desc

 Time£º2 ms - ID£ºcom.mysiteforme.admin.dao.MenuDao.getMenus
 Execute SQL£º
    select
        id,
        name,
        parent_id as "parentId",
        parent_ids as "parentIds",
        level,
        sort,
        href,
        target,
        icon,
        is_show as "isShow",
        bg_color as "bgColor",
        permission,
        create_by as "createId",
        create_date as "createDate",
        update_by as "updateId",
        update_date as "updateDate",
        remarks,
        del_flag as "delFlag",
        null as "myIsShow" 
    from
        sys_menu 
    where
        del_flag = false                           
        and parent_id = 41                                 
    order by
        sort desc

 Time£º15 ms - ID£ºcom.mysiteforme.admin.dao.MenuDao.getMenus
 Execute SQL£º
    select
        id,
        name,
        parent_id as "parentId",
        parent_ids as "parentIds",
        level,
        sort,
        href,
        target,
        icon,
        is_show as "isShow",
        bg_color as "bgColor",
        permission,
        create_by as "createId",
        create_date as "createDate",
        update_by as "updateId",
        update_date as "updateDate",
        remarks,
        del_flag as "delFlag",
        null as "myIsShow" 
    from
        sys_menu 
    where
        del_flag = false                           
        and parent_id = 12                                 
    order by
        sort desc

 Time£º0 ms - ID£ºcom.mysiteforme.admin.dao.MenuDao.getMenus
 Execute SQL£º
    select
        id,
        name,
        parent_id as "parentId",
        parent_ids as "parentIds",
        level,
        sort,
        href,
        target,
        icon,
        is_show as "isShow",
        bg_color as "bgColor",
        permission,
        create_by as "createId",
        create_date as "createDate",
        update_by as "updateId",
        update_date as "updateDate",
        remarks,
        del_flag as "delFlag",
        null as "myIsShow" 
    from
        sys_menu 
    where
        del_flag = false                           
        and parent_id = 44                                 
    order by
        sort desc

 Time£º0 ms - ID£ºcom.mysiteforme.admin.dao.MenuDao.getMenus
 Execute SQL£º
    select
        id,
        name,
        parent_id as "parentId",
        parent_ids as "parentIds",
        level,
        sort,
        href,
        target,
        icon,
        is_show as "isShow",
        bg_color as "bgColor",
        permission,
        create_by as "createId",
        create_date as "createDate",
        update_by as "updateId",
        update_date as "updateDate",
        remarks,
        del_flag as "delFlag",
        null as "myIsShow" 
    from
        sys_menu 
    where
        del_flag = false                           
        and parent_id = 43                                 
    order by
        sort desc

 Time£º5 ms - ID£ºcom.mysiteforme.admin.dao.MenuDao.getMenus
 Execute SQL£º
    select
        id,
        name,
        parent_id as "parentId",
        parent_ids as "parentIds",
        level,
        sort,
        href,
        target,
        icon,
        is_show as "isShow",
        bg_color as "bgColor",
        permission,
        create_by as "createId",
        create_date as "createDate",
        update_by as "updateId",
        update_date as "updateDate",
        remarks,
        del_flag as "delFlag",
        null as "myIsShow" 
    from
        sys_menu 
    where
        del_flag = false                           
        and parent_id = 42                                 
    order by
        sort desc

 Time£º51 ms - ID£ºcom.mysiteforme.admin.dao.MenuDao.getMenus
 Execute SQL£º
    select
        id,
        name,
        parent_id as "parentId",
        parent_ids as "parentIds",
        level,
        sort,
        href,
        target,
        icon,
        is_show as "isShow",
        bg_color as "bgColor",
        permission,
        create_by as "createId",
        create_date as "createDate",
        update_by as "updateId",
        update_date as "updateDate",
        remarks,
        del_flag as "delFlag",
        null as "myIsShow" 
    from
        sys_menu 
    where
        del_flag = false                           
        and parent_id = 11                                 
    order by
        sort desc

 Time£º2 ms - ID£ºcom.mysiteforme.admin.dao.MenuDao.getMenus
 Execute SQL£º
    select
        id,
        name,
        parent_id as "parentId",
        parent_ids as "parentIds",
        level,
        sort,
        href,
        target,
        icon,
        is_show as "isShow",
        bg_color as "bgColor",
        permission,
        create_by as "createId",
        create_date as "createDate",
        update_by as "updateId",
        update_date as "updateDate",
        remarks,
        del_flag as "delFlag",
        null as "myIsShow" 
    from
        sys_menu 
    where
        del_flag = false                           
        and parent_id = 59                                 
    order by
        sort desc

 Time£º0 ms - ID£ºcom.mysiteforme.admin.dao.MenuDao.getMenus
 Execute SQL£º
    select
        id,
        name,
        parent_id as "parentId",
        parent_ids as "parentIds",
        level,
        sort,
        href,
        target,
        icon,
        is_show as "isShow",
        bg_color as "bgColor",
        permission,
        create_by as "createId",
        create_date as "createDate",
        update_by as "updateId",
        update_date as "updateDate",
        remarks,
        del_flag as "delFlag",
        null as "myIsShow" 
    from
        sys_menu 
    where
        del_flag = false                           
        and parent_id = 58                                 
    order by
        sort desc

 Time£º0 ms - ID£ºcom.mysiteforme.admin.dao.MenuDao.getMenus
 Execute SQL£º
    select
        id,
        name,
        parent_id as "parentId",
        parent_ids as "parentIds",
        level,
        sort,
        href,
        target,
        icon,
        is_show as "isShow",
        bg_color as "bgColor",
        permission,
        create_by as "createId",
        create_date as "createDate",
        update_by as "updateId",
        update_date as "updateDate",
        remarks,
        del_flag as "delFlag",
        null as "myIsShow" 
    from
        sys_menu 
    where
        del_flag = false                           
        and parent_id = 57                                 
    order by
        sort desc

 Time£º113 ms - ID£ºcom.mysiteforme.admin.dao.MenuDao.getMenus
 Execute SQL£º
    select
        id,
        name,
        parent_id as "parentId",
        parent_ids as "parentIds",
        level,
        sort,
        href,
        target,
        icon,
        is_show as "isShow",
        bg_color as "bgColor",
        permission,
        create_by as "createId",
        create_date as "createDate",
        update_by as "updateId",
        update_date as "updateDate",
        remarks,
        del_flag as "delFlag",
        null as "myIsShow" 
    from
        sys_menu 
    where
        del_flag = false                           
        and parent_id = 56                                 
    order by
        sort desc

 Time£º280 ms - ID£ºcom.mysiteforme.admin.dao.MenuDao.getMenus
 Execute SQL£º
    select
        id,
        name,
        parent_id as "parentId",
        parent_ids as "parentIds",
        level,
        sort,
        href,
        target,
        icon,
        is_show as "isShow",
        bg_color as "bgColor",
        permission,
        create_by as "createId",
        create_date as "createDate",
        update_by as "updateId",
        update_date as "updateDate",
        remarks,
        del_flag as "delFlag",
        null as "myIsShow" 
    from
        sys_menu 
    where
        del_flag = false                           
        and parent_id = 10                                 
    order by
        sort desc

 Time£º114 ms - ID£ºcom.mysiteforme.admin.dao.MenuDao.getMenus
 Execute SQL£º
    select
        id,
        name,
        parent_id as "parentId",
        parent_ids as "parentIds",
        level,
        sort,
        href,
        target,
        icon,
        is_show as "isShow",
        bg_color as "bgColor",
        permission,
        create_by as "createId",
        create_date as "createDate",
        update_by as "updateId",
        update_date as "updateDate",
        remarks,
        del_flag as "delFlag",
        null as "myIsShow" 
    from
        sys_menu 
    where
        del_flag = false                           
        and parent_id = 51                                 
    order by
        sort desc

 Time£º0 ms - ID£ºcom.mysiteforme.admin.dao.MenuDao.getMenus
 Execute SQL£º
    select
        id,
        name,
        parent_id as "parentId",
        parent_ids as "parentIds",
        level,
        sort,
        href,
        target,
        icon,
        is_show as "isShow",
        bg_color as "bgColor",
        permission,
        create_by as "createId",
        create_date as "createDate",
        update_by as "updateId",
        update_date as "updateDate",
        remarks,
        del_flag as "delFlag",
        null as "myIsShow" 
    from
        sys_menu 
    where
        del_flag = false                           
        and parent_id = 50                                 
    order by
        sort desc

 Time£º0 ms - ID£ºcom.mysiteforme.admin.dao.MenuDao.getMenus
 Execute SQL£º
    select
        id,
        name,
        parent_id as "parentId",
        parent_ids as "parentIds",
        level,
        sort,
        href,
        target,
        icon,
        is_show as "isShow",
        bg_color as "bgColor",
        permission,
        create_by as "createId",
        create_date as "createDate",
        update_by as "updateId",
        update_date as "updateDate",
        remarks,
        del_flag as "delFlag",
        null as "myIsShow" 
    from
        sys_menu 
    where
        del_flag = false                           
        and parent_id = 49                                 
    order by
        sort desc

 Time£º0 ms - ID£ºcom.mysiteforme.admin.dao.MenuDao.getMenus
 Execute SQL£º
    select
        id,
        name,
        parent_id as "parentId",
        parent_ids as "parentIds",
        level,
        sort,
        href,
        target,
        icon,
        is_show as "isShow",
        bg_color as "bgColor",
        permission,
        create_by as "createId",
        create_date as "createDate",
        update_by as "updateId",
        update_date as "updateDate",
        remarks,
        del_flag as "delFlag",
        null as "myIsShow" 
    from
        sys_menu 
    where
        del_flag = false                           
        and parent_id = 48                                 
    order by
        sort desc

 Time£º0 ms - ID£ºcom.mysiteforme.admin.dao.MenuDao.getMenus
 Execute SQL£º
    select
        id,
        name,
        parent_id as "parentId",
        parent_ids as "parentIds",
        level,
        sort,
        href,
        target,
        icon,
        is_show as "isShow",
        bg_color as "bgColor",
        permission,
        create_by as "createId",
        create_date as "createDate",
        update_by as "updateId",
        update_date as "updateDate",
        remarks,
        del_flag as "delFlag",
        null as "myIsShow" 
    from
        sys_menu 
    where
        del_flag = false                           
        and parent_id = 47                                 
    order by
        sort desc

 Time£º0 ms - ID£ºcom.mysiteforme.admin.dao.MenuDao.getMenus
 Execute SQL£º
    select
        id,
        name,
        parent_id as "parentId",
        parent_ids as "parentIds",
        level,
        sort,
        href,
        target,
        icon,
        is_show as "isShow",
        bg_color as "bgColor",
        permission,
        create_by as "createId",
        create_date as "createDate",
        update_by as "updateId",
        update_date as "updateDate",
        remarks,
        del_flag as "delFlag",
        null as "myIsShow" 
    from
        sys_menu 
    where
        del_flag = false                           
        and parent_id = 46                                 
    order by
        sort desc

 Time£º114 ms - ID£ºcom.mysiteforme.admin.dao.MenuDao.getMenus
 Execute SQL£º
    select
        id,
        name,
        parent_id as "parentId",
        parent_ids as "parentIds",
        level,
        sort,
        href,
        target,
        icon,
        is_show as "isShow",
        bg_color as "bgColor",
        permission,
        create_by as "createId",
        create_date as "createDate",
        update_by as "updateId",
        update_date as "updateDate",
        remarks,
        del_flag as "delFlag",
        null as "myIsShow" 
    from
        sys_menu 
    where
        del_flag = false                           
        and parent_id = 15                                 
    order by
        sort desc

 Time£º0 ms - ID£ºcom.mysiteforme.admin.dao.MenuDao.getMenus
 Execute SQL£º
    select
        id,
        name,
        parent_id as "parentId",
        parent_ids as "parentIds",
        level,
        sort,
        href,
        target,
        icon,
        is_show as "isShow",
        bg_color as "bgColor",
        permission,
        create_by as "createId",
        create_date as "createDate",
        update_by as "updateId",
        update_date as "updateDate",
        remarks,
        del_flag as "delFlag",
        null as "myIsShow" 
    from
        sys_menu 
    where
        del_flag = false                           
        and parent_id = 52                                 
    order by
        sort desc

 Time£º0 ms - ID£ºcom.mysiteforme.admin.dao.MenuDao.getMenus
 Execute SQL£º
    select
        id,
        name,
        parent_id as "parentId",
        parent_ids as "parentIds",
        level,
        sort,
        href,
        target,
        icon,
        is_show as "isShow",
        bg_color as "bgColor",
        permission,
        create_by as "createId",
        create_date as "createDate",
        update_by as "updateId",
        update_date as "updateDate",
        remarks,
        del_flag as "delFlag",
        null as "myIsShow" 
    from
        sys_menu 
    where
        del_flag = false                           
        and parent_id = 16                                 
    order by
        sort desc

 Time£º114 ms - ID£ºcom.mysiteforme.admin.dao.MenuDao.getMenus
 Execute SQL£º
    select
        id,
        name,
        parent_id as "parentId",
        parent_ids as "parentIds",
        level,
        sort,
        href,
        target,
        icon,
        is_show as "isShow",
        bg_color as "bgColor",
        permission,
        create_by as "createId",
        create_date as "createDate",
        update_by as "updateId",
        update_date as "updateDate",
        remarks,
        del_flag as "delFlag",
        null as "myIsShow" 
    from
        sys_menu 
    where
        del_flag = false                           
        and parent_id = 14                                 
    order by
        sort desc

 Time£º1187 ms - ID£ºcom.mysiteforme.admin.dao.MenuDao.getMenus
 Execute SQL£º
    select
        id,
        name,
        parent_id as "parentId",
        parent_ids as "parentIds",
        level,
        sort,
        href,
        target,
        icon,
        is_show as "isShow",
        bg_color as "bgColor",
        permission,
        create_by as "createId",
        create_date as "createDate",
        update_by as "updateId",
        update_date as "updateDate",
        remarks,
        del_flag as "delFlag",
        null as "myIsShow" 
    from
        sys_menu 
    where
        del_flag = false                           
        and parent_id is NULL                                 
    order by
        sort desc

]]></system-err>
  </testcase>
</testsuite>